CBMC version 5.62.0 (ec1d828-dirty) 64-bit x86_64 linux
Parsing i8xx_tco_2.c
Converting
Type-checking i8xx_tco_2
Generating GOTO Program
Adding CPROVER library (x86_64)
Removal of function pointers and virtual functions
Generic Property Instrumentation
Running with 8 object bits, 56 offset bits (default)
Starting Bounded Model Checking
Unwinding loop closer1.3 iteration 1 file i8xx_tco_2.c line 724 function closer1 thread 1
Unwinding loop closer1.3 iteration 2 file i8xx_tco_2.c line 724 function closer1 thread 1
Not unwinding loop closer1.3 iteration 3 file i8xx_tco_2.c line 724 function closer1 thread 1
Unwinding loop closer2.5 iteration 1 file i8xx_tco_2.c line 734 function closer2 thread 2
Unwinding loop closer2.5 iteration 2 file i8xx_tco_2.c line 734 function closer2 thread 2
Not unwinding loop closer2.5 iteration 3 file i8xx_tco_2.c line 734 function closer2 thread 2
Unwinding loop writer1.3 iteration 1 file i8xx_tco_2.c line 747 function writer1 thread 3
Unwinding loop writer1.3 iteration 2 file i8xx_tco_2.c line 747 function writer1 thread 3
Not unwinding loop writer1.3 iteration 3 file i8xx_tco_2.c line 747 function writer1 thread 3
Unwinding loop writer2.3 iteration 1 file i8xx_tco_2.c line 755 function writer2 thread 4
Unwinding loop writer2.3 iteration 2 file i8xx_tco_2.c line 755 function writer2 thread 4
Not unwinding loop writer2.3 iteration 3 file i8xx_tco_2.c line 755 function writer2 thread 4
Runtime Symex: 0.0260563s
Adding constraints
using sc expand memory model
ssa num:399
start to make constraint
130
success make constraint
--------------------log constraint nums:------------------
fr : 1108
fr-begin : 45
fr-end : 45
nested-isr : 141
ni_eq : 4
po : 124
rf : 84
rf-begin : 84
rf-end : 84
rf-order : 84
rf-some : 39
rfi : 57
spawn-before-fr-false : 102
spawn-before-ws : 54
thread-spawn : 96
ws-begin : 225
ws-end : 225
ws-ext : 342
constraints sum : 2943
spawn_relaxing_cons_nums: 1704
size of program expression: 3342 steps
no slicing due to threads
Generated 3 VCC(s), 3 remaining after simplification
Runtime Postprocess Equation: 0.178293s
Passing problem to propositional reduction
converting SSA
Runtime Convert SSA: 0.219536s
Running propositional reduction
Post-processing
Runtime Post-process: 0.00116843s
Solving with MiniSAT 2.2.1 with simplifier
28042 variables, 126840 clauses
decisions: 26117
propagations: 1122179
conflicts: 4258
SAT checker: instance is UNSATISFIABLE
Runtime Solver: 1.18793s
Runtime decision procedure: 1.40768s

** Results:
i8xx_tco_2.c function closer2
[closer2.assertion.1] line 738 assertion 0: SUCCESS

** 0 of 1 failed (1 iterations)
VERIFICATION SUCCESSFUL
