CBMC version 5.62.0 (ec1d828-dirty) 64-bit x86_64 linux
Parsing wdt_pci_1.c
Converting
Type-checking wdt_pci_1
Generating GOTO Program
Adding CPROVER library (x86_64)
Removal of function pointers and virtual functions
Generic Property Instrumentation
Running with 8 object bits, 56 offset bits (default)
Starting Bounded Model Checking
Unwinding loop writer1.0 iteration 1 file wdt_pci_1.c line 1024 function writer1 thread 1
Unwinding loop writer1.0 iteration 2 file wdt_pci_1.c line 1024 function writer1 thread 1
Unwinding loop writer1.0 iteration 3 file wdt_pci_1.c line 1024 function writer1 thread 1
Unwinding loop writer1.0 iteration 4 file wdt_pci_1.c line 1024 function writer1 thread 1
Not unwinding loop writer1.0 iteration 5 file wdt_pci_1.c line 1024 function writer1 thread 1
Unwinding loop writer2.0 iteration 1 file wdt_pci_1.c line 1046 function writer2 thread 2
Unwinding loop writer2.0 iteration 2 file wdt_pci_1.c line 1046 function writer2 thread 2
Unwinding loop writer2.0 iteration 3 file wdt_pci_1.c line 1046 function writer2 thread 2
Unwinding loop writer2.0 iteration 4 file wdt_pci_1.c line 1046 function writer2 thread 2
Not unwinding loop writer2.0 iteration 5 file wdt_pci_1.c line 1046 function writer2 thread 2
Unwinding loop closer1.0 iteration 1 file wdt_pci_1.c line 954 function closer1 thread 3
Unwinding loop closer1.0 iteration 2 file wdt_pci_1.c line 954 function closer1 thread 3
Unwinding loop closer1.0 iteration 3 file wdt_pci_1.c line 954 function closer1 thread 3
Unwinding loop closer1.0 iteration 4 file wdt_pci_1.c line 954 function closer1 thread 3
Not unwinding loop closer1.0 iteration 5 file wdt_pci_1.c line 954 function closer1 thread 3
Unwinding loop closer2.0 iteration 1 file wdt_pci_1.c line 987 function closer2 thread 4
Unwinding loop closer2.0 iteration 2 file wdt_pci_1.c line 987 function closer2 thread 4
Unwinding loop closer2.0 iteration 3 file wdt_pci_1.c line 987 function closer2 thread 4
Unwinding loop closer2.0 iteration 4 file wdt_pci_1.c line 987 function closer2 thread 4
Not unwinding loop closer2.0 iteration 5 file wdt_pci_1.c line 987 function closer2 thread 4
Runtime Symex: 0.0476807s
Adding constraints
using sc expand memory model
ssa num:647
start to make constraint
122
success make constraint
--------------------log constraint nums:------------------
fr : 27730
fr-begin : 800
fr-end : 800
nested-isr : 180
ni_eq : 8
po : 239
rf : 910
rf-begin : 910
rf-end : 910
rf-order : 910
rf-some : 110
rfi : 250
spawn-before-fr-false : 1050
spawn-before-ws : 100
thread-spawn : 212
ws-begin : 1200
ws-end : 1200
ws-ext : 2200
constraints sum : 39719
spawn_relaxing_cons_nums: 31260
size of program expression: 40366 steps
no slicing due to threads
Generated 10 VCC(s), 10 remaining after simplification
Runtime Postprocess Equation: 3.5468s
Passing problem to propositional reduction
converting SSA
Runtime Convert SSA: 2.0286s
Running propositional reduction
Post-processing
Runtime Post-process: 0.00123619s
