CBMC version 5.62.0 (ec1d828-dirty) 64-bit x86_64 linux
Parsing logger_1.c
Converting
Type-checking logger_1
Generating GOTO Program
Adding CPROVER library (x86_64)
Removal of function pointers and virtual functions
Generic Property Instrumentation
Running with 8 object bits, 56 offset bits (default)
Starting Bounded Model Checking
Unwinding loop task_measure1.0 iteration 1 file logger_1.c line 82 function task_measure1 thread 1
Unwinding loop task_measure1.0 iteration 2 file logger_1.c line 82 function task_measure1 thread 1
Not unwinding loop task_measure1.0 iteration 3 file logger_1.c line 82 function task_measure1 thread 1
Unwinding loop task_measure3.0 iteration 1 file logger_1.c line 118 function task_measure3 thread 2
Unwinding loop task_measure3.0 iteration 2 file logger_1.c line 118 function task_measure3 thread 2
Not unwinding loop task_measure3.0 iteration 3 file logger_1.c line 118 function task_measure3 thread 2
Unwinding loop task_communicate.0 iteration 1 file logger_1.c line 134 function task_communicate thread 3
Unwinding loop task_communicate.0 iteration 2 file logger_1.c line 134 function task_communicate thread 3
Not unwinding loop task_communicate.0 iteration 3 file logger_1.c line 134 function task_communicate thread 3
Unwinding loop task_measure2.0 iteration 1 file logger_1.c line 102 function task_measure2 thread 4
Unwinding loop task_measure2.0 iteration 2 file logger_1.c line 102 function task_measure2 thread 4
Not unwinding loop task_measure2.0 iteration 3 file logger_1.c line 102 function task_measure2 thread 4
Runtime Symex: 0.0622085s
Adding constraints
using sc expand memory model
ssa num:731
start to make constraint
392
success make constraint
--------------------log constraint nums:------------------
fr : 1686
fr-begin : 135
fr-end : 135
nested-isr : 228
po : 259
rf : 222
rf-begin : 222
rf-end : 222
rf-order : 222
rf-some : 81
rfi : 126
spawn-before-fr-false : 288
spawn-before-ws : 90
thread-spawn : 165
ws-begin : 135
ws-end : 135
ws-ext : 90
constraints sum : 4441
spawn_relaxing_cons_nums: 2849
size of program expression: 5172 steps
no slicing due to threads
Generated 12 VCC(s), 12 remaining after simplification
Runtime Postprocess Equation: 0.395003s
Passing problem to propositional reduction
converting SSA
Runtime Convert SSA: 0.456865s
Running propositional reduction
Post-processing
Runtime Post-process: 0.00042442s
Solving with MiniSAT 2.2.1 with simplifier
54294 variables, 248085 clauses
decisions: 113921
propagations: 7010540
conflicts: 19279
SAT checker: instance is UNSATISFIABLE
Runtime Solver: 6.18571s
Runtime decision procedure: 6.64295s

** Results:
logger_1.c function task_communicate
[task_communicate.assertion.1] line 186 assertion 0: SUCCESS

logger_1.c function task_measure1
[task_measure1.assertion.1] line 91 assertion 0: SUCCESS

logger_1.c function task_measure2
[task_measure2.assertion.1] line 108 assertion 0: SUCCESS

logger_1.c function task_measure3
[task_measure3.assertion.1] line 123 assertion 0: SUCCESS

** 0 of 4 failed (1 iterations)
VERIFICATION SUCCESSFUL
