CBMC version 5.62.0 (ec1d828-dirty) 64-bit x86_64 linux
Parsing i2c_pca_isa_4.c
Converting
Type-checking i2c_pca_isa_4
Generating GOTO Program
Adding CPROVER library (x86_64)
Removal of function pointers and virtual functions
Generic Property Instrumentation
Running with 8 object bits, 56 offset bits (default)
Starting Bounded Model Checking
Unwinding loop req1.0 iteration 1 file i2c_pca_isa_4.c line 277 function req1 thread 1
Unwinding loop req1.0 iteration 2 file i2c_pca_isa_4.c line 277 function req1 thread 1
Not unwinding loop req1.0 iteration 3 file i2c_pca_isa_4.c line 277 function req1 thread 1
Unwinding loop req3.0 iteration 1 file i2c_pca_isa_4.c line 304 function req3 thread 2
Unwinding loop req3.0 iteration 2 file i2c_pca_isa_4.c line 304 function req3 thread 2
Not unwinding loop req3.0 iteration 3 file i2c_pca_isa_4.c line 304 function req3 thread 2
Unwinding loop req4.0 iteration 1 file i2c_pca_isa_4.c line 314 function req4 thread 3
Unwinding loop req4.0 iteration 2 file i2c_pca_isa_4.c line 314 function req4 thread 3
Not unwinding loop req4.0 iteration 3 file i2c_pca_isa_4.c line 314 function req4 thread 3
Unwinding loop req2.0 iteration 1 file i2c_pca_isa_4.c line 292 function req2 thread 4
Unwinding loop req2.0 iteration 2 file i2c_pca_isa_4.c line 292 function req2 thread 4
Not unwinding loop req2.0 iteration 3 file i2c_pca_isa_4.c line 292 function req2 thread 4
Unwinding loop req2.0 iteration 1 file i2c_pca_isa_4.c line 292 function req2 thread 5
Unwinding loop req2.0 iteration 2 file i2c_pca_isa_4.c line 292 function req2 thread 5
Not unwinding loop req2.0 iteration 3 file i2c_pca_isa_4.c line 292 function req2 thread 5
Unwinding loop req2.0 iteration 1 file i2c_pca_isa_4.c line 292 function req2 thread 6
Unwinding loop req2.0 iteration 2 file i2c_pca_isa_4.c line 292 function req2 thread 6
Not unwinding loop req2.0 iteration 3 file i2c_pca_isa_4.c line 292 function req2 thread 6
Runtime Symex: 0.0395081s
Adding constraints
using sc expand memory model
ssa num:647
start to make constraint
220
success make constraint
--------------------log constraint nums:------------------
fr : 26471
fr-begin : 1128
fr-end : 1128
nested-isr : 242
ni_eq : 24
po : 240
rf : 1221
rf-begin : 1221
rf-end : 1221
rf-order : 1221
rf-some : 93
rfi : 177
spawn-before-fr-false : 2409
spawn-before-fr-true : 966
spawn-before-ws : 237
thread-spawn : 216
ws-begin : 1152
ws-end : 1152
ws-ext : 1830
constraints sum : 42349
spawn_relaxing_cons_nums: 32691
size of program expression: 42996 steps
no slicing due to threads
Generated 33 VCC(s), 33 remaining after simplification
Runtime Postprocess Equation: 3.33317s
Passing problem to propositional reduction
converting SSA
Runtime Convert SSA: 1.85779s
Running propositional reduction
Post-processing
Runtime Post-process: 0.000700287s
Solving with MiniSAT 2.2.1 with simplifier
155263 variables, 894035 clauses
decisions: 205941
propagations: 51510501
conflicts: 38928
SAT checker: instance is SATISFIABLE
Runtime Solver: 44.9075s
Runtime decision procedure: 46.7707s
Building error trace
Running propositional reduction
Solving with MiniSAT 2.2.1 with simplifier
155263 variables, 520875 clauses
decisions: 238411
propagations: 67053601
conflicts: 44427
SAT checker: instance is SATISFIABLE
Runtime Solver: 10.603s
Runtime decision procedure: 10.6032s
Building error trace
Running propositional reduction
Solving with MiniSAT 2.2.1 with simplifier
155263 variables, 513923 clauses
decisions: 290542
propagations: 93727709
conflicts: 53695
SAT checker: instance is SATISFIABLE
Runtime Solver: 14.8246s
Runtime decision procedure: 14.8248s
Building error trace
Running propositional reduction
Solving with MiniSAT 2.2.1 with simplifier
155263 variables, 513923 clauses
decisions: 324858
propagations: 113419182
conflicts: 60710
SAT checker: instance is SATISFIABLE
Runtime Solver: 11.4639s
Runtime decision procedure: 11.464s
Building error trace
Running propositional reduction
Solving with MiniSAT 2.2.1 with simplifier
155263 variables, 513834 clauses
decisions: 394957
propagations: 145012831
conflicts: 75425
SAT checker: instance is UNSATISFIABLE
Runtime Solver: 20.2878s
Runtime decision procedure: 20.2879s

** Results:
i2c_pca_isa_4.c function req1
[req1.assertion.1] line 282 assertion y>=0&&y<=3: FAILURE
[req1.assertion.2] line 285 assertion 0: FAILURE
[req1.assertion.3] line 285 assertion 0: FAILURE

i2c_pca_isa_4.c function req2
[req2.assertion.1] line 297 assertion 0: SUCCESS
[req2.assertion.2] line 297 assertion 0: SUCCESS

i2c_pca_isa_4.c function req3
[req3.assertion.1] line 307 assertion 0: FAILURE
[req3.assertion.2] line 307 assertion 0: FAILURE

Trace for req1.assertion.1:

State 33 file i2c_pca_isa_4.c function main line 324 thread 0
----------------------------------------------------
  cnt4=0 (00000000 00000000 00000000 00000000)

State 34 file i2c_pca_isa_4.c function main line 324 thread 0
----------------------------------------------------
  cnt3=0 (00000000 00000000 00000000 00000000)

State 35 file i2c_pca_isa_4.c function main line 324 thread 0
----------------------------------------------------
  cnt2=0 (00000000 00000000 00000000 00000000)

State 36 file i2c_pca_isa_4.c function main line 324 thread 0
----------------------------------------------------
  cnt1=0 (00000000 00000000 00000000 00000000)

State 43 file i2c_pca_isa_4.c function main line 327 thread 0
----------------------------------------------------
  x=0 (00000000 00000000 00000000 00000000)

State 44 file i2c_pca_isa_4.c function main line 328 thread 0
----------------------------------------------------
  y=2 (00000000 00000000 00000000 00000010)

State 60 file i2c_pca_isa_4.c function __CPROVER__start line 322 thread 0
----------------------------------------------------
  OUTPUT return': 0 (00000000 00000000 00000000 00000000)

State 65 file i2c_pca_isa_4.c function req3 line 305 thread 2
----------------------------------------------------
  irq=3 (00000000 00000000 00000000 00000011)

State 66 file i2c_pca_isa_4.c function req3 line 306 thread 2
----------------------------------------------------
  global_id=3 (00000000 00000000 00000000 00000011)

State 67 file i2c_pca_isa_4.c function req3 line 306 thread 2
----------------------------------------------------
  global_dev=3 (00000000 00000000 00000000 00000011)

State 71 file i2c_pca_isa_4.c function req3 line 308 thread 2
----------------------------------------------------
  global_id=-1 (11111111 11111111 11111111 11111111)

State 72 file i2c_pca_isa_4.c function req3 line 308 thread 2
----------------------------------------------------
  global_dev=-1 (11111111 11111111 11111111 11111111)

State 73 file i2c_pca_isa_4.c function req3 line 309 thread 2
----------------------------------------------------
  cnt3=1 (00000000 00000000 00000000 00000001)

State 76 file i2c_pca_isa_4.c function req3 line 305 thread 2
----------------------------------------------------
  irq=3 (00000000 00000000 00000000 00000011)

State 77 file i2c_pca_isa_4.c function req3 line 306 thread 2
----------------------------------------------------
  global_id=3 (00000000 00000000 00000000 00000011)

State 78 file i2c_pca_isa_4.c function req3 line 306 thread 2
----------------------------------------------------
  global_dev=3 (00000000 00000000 00000000 00000011)

State 82 file i2c_pca_isa_4.c function req3 line 308 thread 2
----------------------------------------------------
  global_id=-1 (11111111 11111111 11111111 11111111)

State 83 file i2c_pca_isa_4.c function req3 line 308 thread 2
----------------------------------------------------
  global_dev=-1 (11111111 11111111 11111111 11111111)

State 84 file i2c_pca_isa_4.c function req3 line 309 thread 2
----------------------------------------------------
  cnt3=2 (00000000 00000000 00000000 00000010)

State 87 file i2c_pca_isa_4.c function req3 line 305 thread 2
----------------------------------------------------
  irq=3 (00000000 00000000 00000000 00000011)

State 88 file i2c_pca_isa_4.c function req3 line 306 thread 2
----------------------------------------------------
  global_id=3 (00000000 00000000 00000000 00000011)

State 89 file i2c_pca_isa_4.c function req3 line 306 thread 2
----------------------------------------------------
  global_dev=3 (00000000 00000000 00000000 00000011)

State 93 file i2c_pca_isa_4.c function req3 line 308 thread 2
----------------------------------------------------
  global_id=-1 (11111111 11111111 11111111 11111111)

State 94 file i2c_pca_isa_4.c function req3 line 308 thread 2
----------------------------------------------------
  global_dev=-1 (11111111 11111111 11111111 11111111)

State 95 file i2c_pca_isa_4.c function req3 line 309 thread 2
----------------------------------------------------
  cnt3=3 (00000000 00000000 00000000 00000011)

State 100 file i2c_pca_isa_4.c function req4 line 315 thread 3
----------------------------------------------------
  irq=-1 (11111111 11111111 11111111 11111111)

State 101 file i2c_pca_isa_4.c function req4 line 316 thread 3
----------------------------------------------------
  cnt4=1 (00000000 00000000 00000000 00000001)

State 104 file i2c_pca_isa_4.c function req4 line 315 thread 3
----------------------------------------------------
  irq=-1 (11111111 11111111 11111111 11111111)

State 105 file i2c_pca_isa_4.c function req4 line 316 thread 3
----------------------------------------------------
  cnt4=2 (00000000 00000000 00000000 00000010)

State 108 file i2c_pca_isa_4.c function req4 line 315 thread 3
----------------------------------------------------
  irq=-1 (11111111 11111111 11111111 11111111)

State 109 file i2c_pca_isa_4.c function req4 line 316 thread 3
----------------------------------------------------
  cnt4=3 (00000000 00000000 00000000 00000011)

State 120 file i2c_pca_isa_4.c function req1 line 280 thread 1
----------------------------------------------------
  x=1 (00000000 00000000 00000000 00000001)

State 121 file i2c_pca_isa_4.c function req1 line 281 thread 1
----------------------------------------------------
  y=3 (00000000 00000000 00000000 00000011)

State 123 file i2c_pca_isa_4.c function req1 line 283 thread 1
----------------------------------------------------
  irq=1 (00000000 00000000 00000000 00000001)

State 124 file i2c_pca_isa_4.c function req1 line 284 thread 1
----------------------------------------------------
  global_id=1 (00000000 00000000 00000000 00000001)

State 125 file i2c_pca_isa_4.c function req1 line 284 thread 1
----------------------------------------------------
  global_dev=1 (00000000 00000000 00000000 00000001)

State 129 file i2c_pca_isa_4.c function req1 line 286 thread 1
----------------------------------------------------
  global_id=-1 (11111111 11111111 11111111 11111111)

State 130 file i2c_pca_isa_4.c function req1 line 286 thread 1
----------------------------------------------------
  global_dev=-1 (11111111 11111111 11111111 11111111)

State 131 file i2c_pca_isa_4.c function req1 line 287 thread 1
----------------------------------------------------
  cnt1=1 (00000000 00000000 00000000 00000001)

State 140 file i2c_pca_isa_4.c function req1 line 280 thread 1
----------------------------------------------------
  x=1 (00000000 00000000 00000000 00000001)

State 141 file i2c_pca_isa_4.c function req1 line 281 thread 1
----------------------------------------------------
  y=4 (00000000 00000000 00000000 00000100)

Violated property:
  file i2c_pca_isa_4.c function req1 line 282 thread 1
  assertion y>=0&&y<=3
  y >= 0 && y <= 3



Trace for req1.assertion.2:

State 33 file i2c_pca_isa_4.c function main line 324 thread 0
----------------------------------------------------
  cnt4=0 (00000000 00000000 00000000 00000000)

State 34 file i2c_pca_isa_4.c function main line 324 thread 0
----------------------------------------------------
  cnt3=0 (00000000 00000000 00000000 00000000)

State 35 file i2c_pca_isa_4.c function main line 324 thread 0
----------------------------------------------------
  cnt2=0 (00000000 00000000 00000000 00000000)

State 36 file i2c_pca_isa_4.c function main line 324 thread 0
----------------------------------------------------
  cnt1=0 (00000000 00000000 00000000 00000000)

State 43 file i2c_pca_isa_4.c function main line 327 thread 0
----------------------------------------------------
  x=0 (00000000 00000000 00000000 00000000)

State 44 file i2c_pca_isa_4.c function main line 328 thread 0
----------------------------------------------------
  y=2 (00000000 00000000 00000000 00000010)

State 60 file i2c_pca_isa_4.c function __CPROVER__start line 322 thread 0
----------------------------------------------------
  OUTPUT return': 0 (00000000 00000000 00000000 00000000)

State 65 file i2c_pca_isa_4.c function req3 line 305 thread 2
----------------------------------------------------
  irq=3 (00000000 00000000 00000000 00000011)

State 66 file i2c_pca_isa_4.c function req3 line 306 thread 2
----------------------------------------------------
  global_id=3 (00000000 00000000 00000000 00000011)

State 67 file i2c_pca_isa_4.c function req3 line 306 thread 2
----------------------------------------------------
  global_dev=3 (00000000 00000000 00000000 00000011)

State 71 file i2c_pca_isa_4.c function req3 line 308 thread 2
----------------------------------------------------
  global_id=-1 (11111111 11111111 11111111 11111111)

State 72 file i2c_pca_isa_4.c function req3 line 308 thread 2
----------------------------------------------------
  global_dev=-1 (11111111 11111111 11111111 11111111)

State 73 file i2c_pca_isa_4.c function req3 line 309 thread 2
----------------------------------------------------
  cnt3=1 (00000000 00000000 00000000 00000001)

State 76 file i2c_pca_isa_4.c function req3 line 305 thread 2
----------------------------------------------------
  irq=3 (00000000 00000000 00000000 00000011)

State 77 file i2c_pca_isa_4.c function req3 line 306 thread 2
----------------------------------------------------
  global_id=3 (00000000 00000000 00000000 00000011)

State 78 file i2c_pca_isa_4.c function req3 line 306 thread 2
----------------------------------------------------
  global_dev=3 (00000000 00000000 00000000 00000011)

State 82 file i2c_pca_isa_4.c function req3 line 308 thread 2
----------------------------------------------------
  global_id=-1 (11111111 11111111 11111111 11111111)

State 83 file i2c_pca_isa_4.c function req3 line 308 thread 2
----------------------------------------------------
  global_dev=-1 (11111111 11111111 11111111 11111111)

State 84 file i2c_pca_isa_4.c function req3 line 309 thread 2
----------------------------------------------------
  cnt3=2 (00000000 00000000 00000000 00000010)

State 87 file i2c_pca_isa_4.c function req3 line 305 thread 2
----------------------------------------------------
  irq=3 (00000000 00000000 00000000 00000011)

State 88 file i2c_pca_isa_4.c function req3 line 306 thread 2
----------------------------------------------------
  global_id=3 (00000000 00000000 00000000 00000011)

State 89 file i2c_pca_isa_4.c function req3 line 306 thread 2
----------------------------------------------------
  global_dev=3 (00000000 00000000 00000000 00000011)

State 93 file i2c_pca_isa_4.c function req3 line 308 thread 2
----------------------------------------------------
  global_id=-1 (11111111 11111111 11111111 11111111)

State 94 file i2c_pca_isa_4.c function req3 line 308 thread 2
----------------------------------------------------
  global_dev=-1 (11111111 11111111 11111111 11111111)

State 95 file i2c_pca_isa_4.c function req3 line 309 thread 2
----------------------------------------------------
  cnt3=3 (00000000 00000000 00000000 00000011)

State 100 file i2c_pca_isa_4.c function req4 line 315 thread 3
----------------------------------------------------
  irq=-1 (11111111 11111111 11111111 11111111)

State 101 file i2c_pca_isa_4.c function req4 line 316 thread 3
----------------------------------------------------
  cnt4=1 (00000000 00000000 00000000 00000001)

State 104 file i2c_pca_isa_4.c function req4 line 315 thread 3
----------------------------------------------------
  irq=-1 (11111111 11111111 11111111 11111111)

State 105 file i2c_pca_isa_4.c function req4 line 316 thread 3
----------------------------------------------------
  cnt4=2 (00000000 00000000 00000000 00000010)

State 108 file i2c_pca_isa_4.c function req4 line 315 thread 3
----------------------------------------------------
  irq=-1 (11111111 11111111 11111111 11111111)

State 109 file i2c_pca_isa_4.c function req4 line 316 thread 3
----------------------------------------------------
  cnt4=3 (00000000 00000000 00000000 00000011)

State 120 file i2c_pca_isa_4.c function req1 line 280 thread 1
----------------------------------------------------
  x=1 (00000000 00000000 00000000 00000001)

State 121 file i2c_pca_isa_4.c function req1 line 281 thread 1
----------------------------------------------------
  y=3 (00000000 00000000 00000000 00000011)

State 123 file i2c_pca_isa_4.c function req1 line 283 thread 1
----------------------------------------------------
  irq=1 (00000000 00000000 00000000 00000001)

State 124 file i2c_pca_isa_4.c function req1 line 284 thread 1
----------------------------------------------------
  global_id=1 (00000000 00000000 00000000 00000001)

State 125 file i2c_pca_isa_4.c function req1 line 284 thread 1
----------------------------------------------------
  global_dev=1 (00000000 00000000 00000000 00000001)

State 129 file i2c_pca_isa_4.c function req1 line 286 thread 1
----------------------------------------------------
  global_id=-1 (11111111 11111111 11111111 11111111)

State 130 file i2c_pca_isa_4.c function req1 line 286 thread 1
----------------------------------------------------
  global_dev=-1 (11111111 11111111 11111111 11111111)

State 131 file i2c_pca_isa_4.c function req1 line 287 thread 1
----------------------------------------------------
  cnt1=1 (00000000 00000000 00000000 00000001)

State 140 file i2c_pca_isa_4.c function req1 line 280 thread 1
----------------------------------------------------
  x=1 (00000000 00000000 00000000 00000001)

State 141 file i2c_pca_isa_4.c function req1 line 281 thread 1
----------------------------------------------------
  y=4 (00000000 00000000 00000000 00000100)

Violated property:
  file i2c_pca_isa_4.c function req1 line 282 thread 1
  assertion y>=0&&y<=3
  y >= 0 && y <= 3


State 143 file i2c_pca_isa_4.c function req1 line 283 thread 1
----------------------------------------------------
  irq=1 (00000000 00000000 00000000 00000001)

State 144 file i2c_pca_isa_4.c function req1 line 284 thread 1
----------------------------------------------------
  global_id=1 (00000000 00000000 00000000 00000001)

State 145 file i2c_pca_isa_4.c function req1 line 284 thread 1
----------------------------------------------------
  global_dev=1 (00000000 00000000 00000000 00000001)

State 149 file i2c_pca_isa_4.c function req1 line 286 thread 1
----------------------------------------------------
  global_id=-1 (11111111 11111111 11111111 11111111)

State 150 file i2c_pca_isa_4.c function req1 line 286 thread 1
----------------------------------------------------
  global_dev=-1 (11111111 11111111 11111111 11111111)

State 151 file i2c_pca_isa_4.c function req1 line 287 thread 1
----------------------------------------------------
  cnt1=2 (00000000 00000000 00000000 00000010)

State 160 file i2c_pca_isa_4.c function req1 line 280 thread 1
----------------------------------------------------
  x=1 (00000000 00000000 00000000 00000001)

State 161 file i2c_pca_isa_4.c function req1 line 281 thread 1
----------------------------------------------------
  y=5 (00000000 00000000 00000000 00000101)

Violated property:
  file i2c_pca_isa_4.c function req1 line 282 thread 1
  assertion y>=0&&y<=3
  y >= 0 && y <= 3


State 163 file i2c_pca_isa_4.c function req1 line 283 thread 1
----------------------------------------------------
  irq=1 (00000000 00000000 00000000 00000001)

State 164 file i2c_pca_isa_4.c function req1 line 284 thread 1
----------------------------------------------------
  global_id=1 (00000000 00000000 00000000 00000001)

State 165 file i2c_pca_isa_4.c function req1 line 284 thread 1
----------------------------------------------------
  global_dev=1 (00000000 00000000 00000000 00000001)

State 167 file i2c_pca_isa_4.c function req2 line 293 thread 6
----------------------------------------------------
  y=0 (00000000 00000000 00000000 00000000)

State 168 file i2c_pca_isa_4.c function req2 line 294 thread 6
----------------------------------------------------
  x=2 (00000000 00000000 00000000 00000010)

State 169 file i2c_pca_isa_4.c function req2 line 295 thread 6
----------------------------------------------------
  irq=2 (00000000 00000000 00000000 00000010)

State 170 file i2c_pca_isa_4.c function req2 line 296 thread 6
----------------------------------------------------
  global_id=2 (00000000 00000000 00000000 00000010)

State 171 file i2c_pca_isa_4.c function req2 line 296 thread 6
----------------------------------------------------
  global_dev=2 (00000000 00000000 00000000 00000010)

State 175 file i2c_pca_isa_4.c function req2 line 298 thread 6
----------------------------------------------------
  global_id=-1 (11111111 11111111 11111111 11111111)

State 176 file i2c_pca_isa_4.c function req2 line 298 thread 6
----------------------------------------------------
  global_dev=-1 (11111111 11111111 11111111 11111111)

State 177 file i2c_pca_isa_4.c function req2 line 299 thread 6
----------------------------------------------------
  cnt2=1 (00000000 00000000 00000000 00000001)

State 180 file i2c_pca_isa_4.c function req2 line 293 thread 6
----------------------------------------------------
  y=0 (00000000 00000000 00000000 00000000)

State 181 file i2c_pca_isa_4.c function req2 line 294 thread 6
----------------------------------------------------
  x=2 (00000000 00000000 00000000 00000010)

State 182 file i2c_pca_isa_4.c function req2 line 295 thread 6
----------------------------------------------------
  irq=2 (00000000 00000000 00000000 00000010)

State 183 file i2c_pca_isa_4.c function req2 line 296 thread 6
----------------------------------------------------
  global_id=2 (00000000 00000000 00000000 00000010)

State 184 file i2c_pca_isa_4.c function req2 line 296 thread 6
----------------------------------------------------
  global_dev=2 (00000000 00000000 00000000 00000010)

State 188 file i2c_pca_isa_4.c function req2 line 298 thread 6
----------------------------------------------------
  global_id=-1 (11111111 11111111 11111111 11111111)

State 189 file i2c_pca_isa_4.c function req2 line 298 thread 6
----------------------------------------------------
  global_dev=-1 (11111111 11111111 11111111 11111111)

State 190 file i2c_pca_isa_4.c function req2 line 299 thread 6
----------------------------------------------------
  cnt2=2 (00000000 00000000 00000000 00000010)

State 193 file i2c_pca_isa_4.c function req2 line 293 thread 6
----------------------------------------------------
  y=0 (00000000 00000000 00000000 00000000)

State 194 file i2c_pca_isa_4.c function req2 line 294 thread 6
----------------------------------------------------
  x=2 (00000000 00000000 00000000 00000010)

State 195 file i2c_pca_isa_4.c function req2 line 295 thread 6
----------------------------------------------------
  irq=2 (00000000 00000000 00000000 00000010)

State 196 file i2c_pca_isa_4.c function req2 line 296 thread 6
----------------------------------------------------
  global_id=2 (00000000 00000000 00000000 00000010)

State 197 file i2c_pca_isa_4.c function req2 line 296 thread 6
----------------------------------------------------
  global_dev=2 (00000000 00000000 00000000 00000010)

State 201 file i2c_pca_isa_4.c function req2 line 298 thread 6
----------------------------------------------------
  global_id=-1 (11111111 11111111 11111111 11111111)

State 202 file i2c_pca_isa_4.c function req2 line 298 thread 6
----------------------------------------------------
  global_dev=-1 (11111111 11111111 11111111 11111111)

State 203 file i2c_pca_isa_4.c function req2 line 299 thread 6
----------------------------------------------------
  cnt2=3 (00000000 00000000 00000000 00000011)

Violated property:
  file i2c_pca_isa_4.c function req1 line 285 thread 1
  assertion 0
  0 != 0



Trace for req1.assertion.3:

State 33 file i2c_pca_isa_4.c function main line 324 thread 0
----------------------------------------------------
  cnt4=0 (00000000 00000000 00000000 00000000)

State 34 file i2c_pca_isa_4.c function main line 324 thread 0
----------------------------------------------------
  cnt3=0 (00000000 00000000 00000000 00000000)

State 35 file i2c_pca_isa_4.c function main line 324 thread 0
----------------------------------------------------
  cnt2=0 (00000000 00000000 00000000 00000000)

State 36 file i2c_pca_isa_4.c function main line 324 thread 0
----------------------------------------------------
  cnt1=0 (00000000 00000000 00000000 00000000)

State 43 file i2c_pca_isa_4.c function main line 327 thread 0
----------------------------------------------------
  x=0 (00000000 00000000 00000000 00000000)

State 44 file i2c_pca_isa_4.c function main line 328 thread 0
----------------------------------------------------
  y=2 (00000000 00000000 00000000 00000010)

State 60 file i2c_pca_isa_4.c function __CPROVER__start line 322 thread 0
----------------------------------------------------
  OUTPUT return': 0 (00000000 00000000 00000000 00000000)

State 65 file i2c_pca_isa_4.c function req3 line 305 thread 2
----------------------------------------------------
  irq=3 (00000000 00000000 00000000 00000011)

State 66 file i2c_pca_isa_4.c function req3 line 306 thread 2
----------------------------------------------------
  global_id=3 (00000000 00000000 00000000 00000011)

State 67 file i2c_pca_isa_4.c function req3 line 306 thread 2
----------------------------------------------------
  global_dev=3 (00000000 00000000 00000000 00000011)

State 71 file i2c_pca_isa_4.c function req3 line 308 thread 2
----------------------------------------------------
  global_id=-1 (11111111 11111111 11111111 11111111)

State 72 file i2c_pca_isa_4.c function req3 line 308 thread 2
----------------------------------------------------
  global_dev=-1 (11111111 11111111 11111111 11111111)

State 73 file i2c_pca_isa_4.c function req3 line 309 thread 2
----------------------------------------------------
  cnt3=1 (00000000 00000000 00000000 00000001)

State 76 file i2c_pca_isa_4.c function req3 line 305 thread 2
----------------------------------------------------
  irq=3 (00000000 00000000 00000000 00000011)

State 77 file i2c_pca_isa_4.c function req3 line 306 thread 2
----------------------------------------------------
  global_id=3 (00000000 00000000 00000000 00000011)

State 78 file i2c_pca_isa_4.c function req3 line 306 thread 2
----------------------------------------------------
  global_dev=3 (00000000 00000000 00000000 00000011)

State 82 file i2c_pca_isa_4.c function req3 line 308 thread 2
----------------------------------------------------
  global_id=-1 (11111111 11111111 11111111 11111111)

State 83 file i2c_pca_isa_4.c function req3 line 308 thread 2
----------------------------------------------------
  global_dev=-1 (11111111 11111111 11111111 11111111)

State 84 file i2c_pca_isa_4.c function req3 line 309 thread 2
----------------------------------------------------
  cnt3=2 (00000000 00000000 00000000 00000010)

State 87 file i2c_pca_isa_4.c function req3 line 305 thread 2
----------------------------------------------------
  irq=3 (00000000 00000000 00000000 00000011)

State 88 file i2c_pca_isa_4.c function req3 line 306 thread 2
----------------------------------------------------
  global_id=3 (00000000 00000000 00000000 00000011)

State 89 file i2c_pca_isa_4.c function req3 line 306 thread 2
----------------------------------------------------
  global_dev=3 (00000000 00000000 00000000 00000011)

State 93 file i2c_pca_isa_4.c function req3 line 308 thread 2
----------------------------------------------------
  global_id=-1 (11111111 11111111 11111111 11111111)

State 94 file i2c_pca_isa_4.c function req3 line 308 thread 2
----------------------------------------------------
  global_dev=-1 (11111111 11111111 11111111 11111111)

State 95 file i2c_pca_isa_4.c function req3 line 309 thread 2
----------------------------------------------------
  cnt3=3 (00000000 00000000 00000000 00000011)

State 100 file i2c_pca_isa_4.c function req4 line 315 thread 3
----------------------------------------------------
  irq=-1 (11111111 11111111 11111111 11111111)

State 101 file i2c_pca_isa_4.c function req4 line 316 thread 3
----------------------------------------------------
  cnt4=1 (00000000 00000000 00000000 00000001)

State 104 file i2c_pca_isa_4.c function req4 line 315 thread 3
----------------------------------------------------
  irq=-1 (11111111 11111111 11111111 11111111)

State 105 file i2c_pca_isa_4.c function req4 line 316 thread 3
----------------------------------------------------
  cnt4=2 (00000000 00000000 00000000 00000010)

State 108 file i2c_pca_isa_4.c function req4 line 315 thread 3
----------------------------------------------------
  irq=-1 (11111111 11111111 11111111 11111111)

State 109 file i2c_pca_isa_4.c function req4 line 316 thread 3
----------------------------------------------------
  cnt4=3 (00000000 00000000 00000000 00000011)

State 120 file i2c_pca_isa_4.c function req1 line 280 thread 1
----------------------------------------------------
  x=1 (00000000 00000000 00000000 00000001)

State 121 file i2c_pca_isa_4.c function req1 line 281 thread 1
----------------------------------------------------
  y=3 (00000000 00000000 00000000 00000011)

State 123 file i2c_pca_isa_4.c function req1 line 283 thread 1
----------------------------------------------------
  irq=1 (00000000 00000000 00000000 00000001)

State 124 file i2c_pca_isa_4.c function req1 line 284 thread 1
----------------------------------------------------
  global_id=1 (00000000 00000000 00000000 00000001)

State 125 file i2c_pca_isa_4.c function req1 line 284 thread 1
----------------------------------------------------
  global_dev=1 (00000000 00000000 00000000 00000001)

State 129 file i2c_pca_isa_4.c function req1 line 286 thread 1
----------------------------------------------------
  global_id=-1 (11111111 11111111 11111111 11111111)

State 130 file i2c_pca_isa_4.c function req1 line 286 thread 1
----------------------------------------------------
  global_dev=-1 (11111111 11111111 11111111 11111111)

State 131 file i2c_pca_isa_4.c function req1 line 287 thread 1
----------------------------------------------------
  cnt1=1 (00000000 00000000 00000000 00000001)

State 140 file i2c_pca_isa_4.c function req1 line 280 thread 1
----------------------------------------------------
  x=1 (00000000 00000000 00000000 00000001)

State 141 file i2c_pca_isa_4.c function req1 line 281 thread 1
----------------------------------------------------
  y=4 (00000000 00000000 00000000 00000100)

Violated property:
  file i2c_pca_isa_4.c function req1 line 282 thread 1
  assertion y>=0&&y<=3
  y >= 0 && y <= 3


State 143 file i2c_pca_isa_4.c function req1 line 283 thread 1
----------------------------------------------------
  irq=1 (00000000 00000000 00000000 00000001)

State 144 file i2c_pca_isa_4.c function req1 line 284 thread 1
----------------------------------------------------
  global_id=1 (00000000 00000000 00000000 00000001)

State 145 file i2c_pca_isa_4.c function req1 line 284 thread 1
----------------------------------------------------
  global_dev=1 (00000000 00000000 00000000 00000001)

State 149 file i2c_pca_isa_4.c function req1 line 286 thread 1
----------------------------------------------------
  global_id=-1 (11111111 11111111 11111111 11111111)

State 150 file i2c_pca_isa_4.c function req1 line 286 thread 1
----------------------------------------------------
  global_dev=-1 (11111111 11111111 11111111 11111111)

State 151 file i2c_pca_isa_4.c function req1 line 287 thread 1
----------------------------------------------------
  cnt1=2 (00000000 00000000 00000000 00000010)

State 160 file i2c_pca_isa_4.c function req1 line 280 thread 1
----------------------------------------------------
  x=1 (00000000 00000000 00000000 00000001)

State 161 file i2c_pca_isa_4.c function req1 line 281 thread 1
----------------------------------------------------
  y=5 (00000000 00000000 00000000 00000101)

Violated property:
  file i2c_pca_isa_4.c function req1 line 282 thread 1
  assertion y>=0&&y<=3
  y >= 0 && y <= 3


State 163 file i2c_pca_isa_4.c function req1 line 283 thread 1
----------------------------------------------------
  irq=1 (00000000 00000000 00000000 00000001)

State 164 file i2c_pca_isa_4.c function req1 line 284 thread 1
----------------------------------------------------
  global_id=1 (00000000 00000000 00000000 00000001)

State 165 file i2c_pca_isa_4.c function req1 line 284 thread 1
----------------------------------------------------
  global_dev=1 (00000000 00000000 00000000 00000001)

State 167 file i2c_pca_isa_4.c function req2 line 293 thread 6
----------------------------------------------------
  y=0 (00000000 00000000 00000000 00000000)

State 168 file i2c_pca_isa_4.c function req2 line 294 thread 6
----------------------------------------------------
  x=2 (00000000 00000000 00000000 00000010)

State 169 file i2c_pca_isa_4.c function req2 line 295 thread 6
----------------------------------------------------
  irq=2 (00000000 00000000 00000000 00000010)

State 170 file i2c_pca_isa_4.c function req2 line 296 thread 6
----------------------------------------------------
  global_id=2 (00000000 00000000 00000000 00000010)

State 171 file i2c_pca_isa_4.c function req2 line 296 thread 6
----------------------------------------------------
  global_dev=2 (00000000 00000000 00000000 00000010)

State 175 file i2c_pca_isa_4.c function req2 line 298 thread 6
----------------------------------------------------
  global_id=-1 (11111111 11111111 11111111 11111111)

State 176 file i2c_pca_isa_4.c function req2 line 298 thread 6
----------------------------------------------------
  global_dev=-1 (11111111 11111111 11111111 11111111)

State 177 file i2c_pca_isa_4.c function req2 line 299 thread 6
----------------------------------------------------
  cnt2=1 (00000000 00000000 00000000 00000001)

State 180 file i2c_pca_isa_4.c function req2 line 293 thread 6
----------------------------------------------------
  y=0 (00000000 00000000 00000000 00000000)

State 181 file i2c_pca_isa_4.c function req2 line 294 thread 6
----------------------------------------------------
  x=2 (00000000 00000000 00000000 00000010)

State 182 file i2c_pca_isa_4.c function req2 line 295 thread 6
----------------------------------------------------
  irq=2 (00000000 00000000 00000000 00000010)

State 183 file i2c_pca_isa_4.c function req2 line 296 thread 6
----------------------------------------------------
  global_id=2 (00000000 00000000 00000000 00000010)

State 184 file i2c_pca_isa_4.c function req2 line 296 thread 6
----------------------------------------------------
  global_dev=2 (00000000 00000000 00000000 00000010)

State 188 file i2c_pca_isa_4.c function req2 line 298 thread 6
----------------------------------------------------
  global_id=-1 (11111111 11111111 11111111 11111111)

State 189 file i2c_pca_isa_4.c function req2 line 298 thread 6
----------------------------------------------------
  global_dev=-1 (11111111 11111111 11111111 11111111)

State 190 file i2c_pca_isa_4.c function req2 line 299 thread 6
----------------------------------------------------
  cnt2=2 (00000000 00000000 00000000 00000010)

State 193 file i2c_pca_isa_4.c function req2 line 293 thread 6
----------------------------------------------------
  y=0 (00000000 00000000 00000000 00000000)

State 194 file i2c_pca_isa_4.c function req2 line 294 thread 6
----------------------------------------------------
  x=2 (00000000 00000000 00000000 00000010)

State 195 file i2c_pca_isa_4.c function req2 line 295 thread 6
----------------------------------------------------
  irq=2 (00000000 00000000 00000000 00000010)

State 196 file i2c_pca_isa_4.c function req2 line 296 thread 6
----------------------------------------------------
  global_id=2 (00000000 00000000 00000000 00000010)

State 197 file i2c_pca_isa_4.c function req2 line 296 thread 6
----------------------------------------------------
  global_dev=2 (00000000 00000000 00000000 00000010)

State 201 file i2c_pca_isa_4.c function req2 line 298 thread 6
----------------------------------------------------
  global_id=-1 (11111111 11111111 11111111 11111111)

State 202 file i2c_pca_isa_4.c function req2 line 298 thread 6
----------------------------------------------------
  global_dev=-1 (11111111 11111111 11111111 11111111)

State 203 file i2c_pca_isa_4.c function req2 line 299 thread 6
----------------------------------------------------
  cnt2=3 (00000000 00000000 00000000 00000011)

Violated property:
  file i2c_pca_isa_4.c function req1 line 285 thread 1
  assertion 0
  0 != 0


Violated property:
  file i2c_pca_isa_4.c function req1 line 285 thread 1
  assertion 0
  0 != 0



Trace for req3.assertion.1:

State 33 file i2c_pca_isa_4.c function main line 324 thread 0
----------------------------------------------------
  cnt4=0 (00000000 00000000 00000000 00000000)

State 34 file i2c_pca_isa_4.c function main line 324 thread 0
----------------------------------------------------
  cnt3=0 (00000000 00000000 00000000 00000000)

State 35 file i2c_pca_isa_4.c function main line 324 thread 0
----------------------------------------------------
  cnt2=0 (00000000 00000000 00000000 00000000)

State 36 file i2c_pca_isa_4.c function main line 324 thread 0
----------------------------------------------------
  cnt1=0 (00000000 00000000 00000000 00000000)

State 43 file i2c_pca_isa_4.c function main line 327 thread 0
----------------------------------------------------
  x=0 (00000000 00000000 00000000 00000000)

State 44 file i2c_pca_isa_4.c function main line 328 thread 0
----------------------------------------------------
  y=2 (00000000 00000000 00000000 00000010)

State 60 file i2c_pca_isa_4.c function __CPROVER__start line 322 thread 0
----------------------------------------------------
  OUTPUT return': 0 (00000000 00000000 00000000 00000000)

State 65 file i2c_pca_isa_4.c function req4 line 315 thread 3
----------------------------------------------------
  irq=-1 (11111111 11111111 11111111 11111111)

State 66 file i2c_pca_isa_4.c function req4 line 316 thread 3
----------------------------------------------------
  cnt4=1 (00000000 00000000 00000000 00000001)

State 69 file i2c_pca_isa_4.c function req4 line 315 thread 3
----------------------------------------------------
  irq=-1 (11111111 11111111 11111111 11111111)

State 70 file i2c_pca_isa_4.c function req4 line 316 thread 3
----------------------------------------------------
  cnt4=2 (00000000 00000000 00000000 00000010)

State 73 file i2c_pca_isa_4.c function req4 line 315 thread 3
----------------------------------------------------
  irq=-1 (11111111 11111111 11111111 11111111)

State 74 file i2c_pca_isa_4.c function req4 line 316 thread 3
----------------------------------------------------
  cnt4=3 (00000000 00000000 00000000 00000011)

State 85 file i2c_pca_isa_4.c function req1 line 280 thread 1
----------------------------------------------------
  x=1 (00000000 00000000 00000000 00000001)

State 86 file i2c_pca_isa_4.c function req1 line 281 thread 1
----------------------------------------------------
  y=3 (00000000 00000000 00000000 00000011)

State 88 file i2c_pca_isa_4.c function req1 line 283 thread 1
----------------------------------------------------
  irq=1 (00000000 00000000 00000000 00000001)

State 89 file i2c_pca_isa_4.c function req1 line 284 thread 1
----------------------------------------------------
  global_id=1 (00000000 00000000 00000000 00000001)

State 90 file i2c_pca_isa_4.c function req1 line 284 thread 1
----------------------------------------------------
  global_dev=1 (00000000 00000000 00000000 00000001)

State 94 file i2c_pca_isa_4.c function req1 line 286 thread 1
----------------------------------------------------
  global_id=-1 (11111111 11111111 11111111 11111111)

State 95 file i2c_pca_isa_4.c function req1 line 286 thread 1
----------------------------------------------------
  global_dev=-1 (11111111 11111111 11111111 11111111)

State 96 file i2c_pca_isa_4.c function req1 line 287 thread 1
----------------------------------------------------
  cnt1=1 (00000000 00000000 00000000 00000001)

State 105 file i2c_pca_isa_4.c function req1 line 280 thread 1
----------------------------------------------------
  x=1 (00000000 00000000 00000000 00000001)

State 106 file i2c_pca_isa_4.c function req1 line 281 thread 1
----------------------------------------------------
  y=4 (00000000 00000000 00000000 00000100)

Violated property:
  file i2c_pca_isa_4.c function req1 line 282 thread 1
  assertion y>=0&&y<=3
  y >= 0 && y <= 3


State 108 file i2c_pca_isa_4.c function req1 line 283 thread 1
----------------------------------------------------
  irq=1 (00000000 00000000 00000000 00000001)

State 109 file i2c_pca_isa_4.c function req1 line 284 thread 1
----------------------------------------------------
  global_id=1 (00000000 00000000 00000000 00000001)

State 110 file i2c_pca_isa_4.c function req1 line 284 thread 1
----------------------------------------------------
  global_dev=1 (00000000 00000000 00000000 00000001)

State 114 file i2c_pca_isa_4.c function req1 line 286 thread 1
----------------------------------------------------
  global_id=-1 (11111111 11111111 11111111 11111111)

State 115 file i2c_pca_isa_4.c function req1 line 286 thread 1
----------------------------------------------------
  global_dev=-1 (11111111 11111111 11111111 11111111)

State 116 file i2c_pca_isa_4.c function req1 line 287 thread 1
----------------------------------------------------
  cnt1=2 (00000000 00000000 00000000 00000010)

State 125 file i2c_pca_isa_4.c function req1 line 280 thread 1
----------------------------------------------------
  x=1 (00000000 00000000 00000000 00000001)

State 126 file i2c_pca_isa_4.c function req1 line 281 thread 1
----------------------------------------------------
  y=5 (00000000 00000000 00000000 00000101)

Violated property:
  file i2c_pca_isa_4.c function req1 line 282 thread 1
  assertion y>=0&&y<=3
  y >= 0 && y <= 3


State 128 file i2c_pca_isa_4.c function req1 line 283 thread 1
----------------------------------------------------
  irq=1 (00000000 00000000 00000000 00000001)

State 129 file i2c_pca_isa_4.c function req1 line 284 thread 1
----------------------------------------------------
  global_id=1 (00000000 00000000 00000000 00000001)

State 130 file i2c_pca_isa_4.c function req1 line 284 thread 1
----------------------------------------------------
  global_dev=1 (00000000 00000000 00000000 00000001)

State 134 file i2c_pca_isa_4.c function req1 line 286 thread 1
----------------------------------------------------
  global_id=-1 (11111111 11111111 11111111 11111111)

State 135 file i2c_pca_isa_4.c function req1 line 286 thread 1
----------------------------------------------------
  global_dev=-1 (11111111 11111111 11111111 11111111)

State 136 file i2c_pca_isa_4.c function req1 line 287 thread 1
----------------------------------------------------
  cnt1=3 (00000000 00000000 00000000 00000011)

State 141 file i2c_pca_isa_4.c function req3 line 305 thread 2
----------------------------------------------------
  irq=3 (00000000 00000000 00000000 00000011)

State 142 file i2c_pca_isa_4.c function req3 line 306 thread 2
----------------------------------------------------
  global_id=3 (00000000 00000000 00000000 00000011)

State 143 file i2c_pca_isa_4.c function req3 line 306 thread 2
----------------------------------------------------
  global_dev=3 (00000000 00000000 00000000 00000011)

State 145 file i2c_pca_isa_4.c function req2 line 293 thread 4
----------------------------------------------------
  y=0 (00000000 00000000 00000000 00000000)

State 146 file i2c_pca_isa_4.c function req2 line 294 thread 4
----------------------------------------------------
  x=2 (00000000 00000000 00000000 00000010)

State 147 file i2c_pca_isa_4.c function req2 line 295 thread 4
----------------------------------------------------
  irq=2 (00000000 00000000 00000000 00000010)

State 148 file i2c_pca_isa_4.c function req2 line 296 thread 4
----------------------------------------------------
  global_id=2 (00000000 00000000 00000000 00000010)

State 149 file i2c_pca_isa_4.c function req2 line 296 thread 4
----------------------------------------------------
  global_dev=2 (00000000 00000000 00000000 00000010)

State 153 file i2c_pca_isa_4.c function req2 line 298 thread 4
----------------------------------------------------
  global_id=-1 (11111111 11111111 11111111 11111111)

State 154 file i2c_pca_isa_4.c function req2 line 298 thread 4
----------------------------------------------------
  global_dev=-1 (11111111 11111111 11111111 11111111)

State 155 file i2c_pca_isa_4.c function req2 line 299 thread 4
----------------------------------------------------
  cnt2=1 (00000000 00000000 00000000 00000001)

State 158 file i2c_pca_isa_4.c function req2 line 293 thread 4
----------------------------------------------------
  y=0 (00000000 00000000 00000000 00000000)

State 159 file i2c_pca_isa_4.c function req2 line 294 thread 4
----------------------------------------------------
  x=2 (00000000 00000000 00000000 00000010)

State 160 file i2c_pca_isa_4.c function req2 line 295 thread 4
----------------------------------------------------
  irq=2 (00000000 00000000 00000000 00000010)

State 161 file i2c_pca_isa_4.c function req2 line 296 thread 4
----------------------------------------------------
  global_id=2 (00000000 00000000 00000000 00000010)

State 162 file i2c_pca_isa_4.c function req2 line 296 thread 4
----------------------------------------------------
  global_dev=2 (00000000 00000000 00000000 00000010)

State 166 file i2c_pca_isa_4.c function req2 line 298 thread 4
----------------------------------------------------
  global_id=-1 (11111111 11111111 11111111 11111111)

State 167 file i2c_pca_isa_4.c function req2 line 298 thread 4
----------------------------------------------------
  global_dev=-1 (11111111 11111111 11111111 11111111)

State 168 file i2c_pca_isa_4.c function req2 line 299 thread 4
----------------------------------------------------
  cnt2=2 (00000000 00000000 00000000 00000010)

State 171 file i2c_pca_isa_4.c function req2 line 293 thread 4
----------------------------------------------------
  y=0 (00000000 00000000 00000000 00000000)

State 172 file i2c_pca_isa_4.c function req2 line 294 thread 4
----------------------------------------------------
  x=2 (00000000 00000000 00000000 00000010)

State 173 file i2c_pca_isa_4.c function req2 line 295 thread 4
----------------------------------------------------
  irq=2 (00000000 00000000 00000000 00000010)

State 174 file i2c_pca_isa_4.c function req2 line 296 thread 4
----------------------------------------------------
  global_id=2 (00000000 00000000 00000000 00000010)

State 175 file i2c_pca_isa_4.c function req2 line 296 thread 4
----------------------------------------------------
  global_dev=2 (00000000 00000000 00000000 00000010)

State 179 file i2c_pca_isa_4.c function req2 line 298 thread 4
----------------------------------------------------
  global_id=-1 (11111111 11111111 11111111 11111111)

State 180 file i2c_pca_isa_4.c function req2 line 298 thread 4
----------------------------------------------------
  global_dev=-1 (11111111 11111111 11111111 11111111)

State 181 file i2c_pca_isa_4.c function req2 line 299 thread 4
----------------------------------------------------
  cnt2=3 (00000000 00000000 00000000 00000011)

Violated property:
  file i2c_pca_isa_4.c function req3 line 307 thread 2
  assertion 0
  0 != 0



Trace for req3.assertion.2:

State 33 file i2c_pca_isa_4.c function main line 324 thread 0
----------------------------------------------------
  cnt4=0 (00000000 00000000 00000000 00000000)

State 34 file i2c_pca_isa_4.c function main line 324 thread 0
----------------------------------------------------
  cnt3=0 (00000000 00000000 00000000 00000000)

State 35 file i2c_pca_isa_4.c function main line 324 thread 0
----------------------------------------------------
  cnt2=0 (00000000 00000000 00000000 00000000)

State 36 file i2c_pca_isa_4.c function main line 324 thread 0
----------------------------------------------------
  cnt1=0 (00000000 00000000 00000000 00000000)

State 43 file i2c_pca_isa_4.c function main line 327 thread 0
----------------------------------------------------
  x=0 (00000000 00000000 00000000 00000000)

State 44 file i2c_pca_isa_4.c function main line 328 thread 0
----------------------------------------------------
  y=2 (00000000 00000000 00000000 00000010)

State 60 file i2c_pca_isa_4.c function __CPROVER__start line 322 thread 0
----------------------------------------------------
  OUTPUT return': 0 (00000000 00000000 00000000 00000000)

State 71 file i2c_pca_isa_4.c function req1 line 280 thread 1
----------------------------------------------------
  x=1 (00000000 00000000 00000000 00000001)

State 72 file i2c_pca_isa_4.c function req1 line 281 thread 1
----------------------------------------------------
  y=3 (00000000 00000000 00000000 00000011)

State 74 file i2c_pca_isa_4.c function req1 line 283 thread 1
----------------------------------------------------
  irq=1 (00000000 00000000 00000000 00000001)

State 75 file i2c_pca_isa_4.c function req1 line 284 thread 1
----------------------------------------------------
  global_id=1 (00000000 00000000 00000000 00000001)

State 76 file i2c_pca_isa_4.c function req1 line 284 thread 1
----------------------------------------------------
  global_dev=1 (00000000 00000000 00000000 00000001)

State 80 file i2c_pca_isa_4.c function req1 line 286 thread 1
----------------------------------------------------
  global_id=-1 (11111111 11111111 11111111 11111111)

State 81 file i2c_pca_isa_4.c function req1 line 286 thread 1
----------------------------------------------------
  global_dev=-1 (11111111 11111111 11111111 11111111)

State 82 file i2c_pca_isa_4.c function req1 line 287 thread 1
----------------------------------------------------
  cnt1=1 (00000000 00000000 00000000 00000001)

State 91 file i2c_pca_isa_4.c function req1 line 280 thread 1
----------------------------------------------------
  x=1 (00000000 00000000 00000000 00000001)

State 92 file i2c_pca_isa_4.c function req1 line 281 thread 1
----------------------------------------------------
  y=4 (00000000 00000000 00000000 00000100)

Violated property:
  file i2c_pca_isa_4.c function req1 line 282 thread 1
  assertion y>=0&&y<=3
  y >= 0 && y <= 3


State 94 file i2c_pca_isa_4.c function req1 line 283 thread 1
----------------------------------------------------
  irq=1 (00000000 00000000 00000000 00000001)

State 95 file i2c_pca_isa_4.c function req1 line 284 thread 1
----------------------------------------------------
  global_id=1 (00000000 00000000 00000000 00000001)

State 96 file i2c_pca_isa_4.c function req1 line 284 thread 1
----------------------------------------------------
  global_dev=1 (00000000 00000000 00000000 00000001)

State 100 file i2c_pca_isa_4.c function req1 line 286 thread 1
----------------------------------------------------
  global_id=-1 (11111111 11111111 11111111 11111111)

State 101 file i2c_pca_isa_4.c function req1 line 286 thread 1
----------------------------------------------------
  global_dev=-1 (11111111 11111111 11111111 11111111)

State 102 file i2c_pca_isa_4.c function req1 line 287 thread 1
----------------------------------------------------
  cnt1=2 (00000000 00000000 00000000 00000010)

State 111 file i2c_pca_isa_4.c function req1 line 280 thread 1
----------------------------------------------------
  x=1 (00000000 00000000 00000000 00000001)

State 112 file i2c_pca_isa_4.c function req1 line 281 thread 1
----------------------------------------------------
  y=5 (00000000 00000000 00000000 00000101)

Violated property:
  file i2c_pca_isa_4.c function req1 line 282 thread 1
  assertion y>=0&&y<=3
  y >= 0 && y <= 3


State 114 file i2c_pca_isa_4.c function req1 line 283 thread 1
----------------------------------------------------
  irq=1 (00000000 00000000 00000000 00000001)

State 115 file i2c_pca_isa_4.c function req1 line 284 thread 1
----------------------------------------------------
  global_id=1 (00000000 00000000 00000000 00000001)

State 116 file i2c_pca_isa_4.c function req1 line 284 thread 1
----------------------------------------------------
  global_dev=1 (00000000 00000000 00000000 00000001)

State 120 file i2c_pca_isa_4.c function req1 line 286 thread 1
----------------------------------------------------
  global_id=-1 (11111111 11111111 11111111 11111111)

State 121 file i2c_pca_isa_4.c function req1 line 286 thread 1
----------------------------------------------------
  global_dev=-1 (11111111 11111111 11111111 11111111)

State 122 file i2c_pca_isa_4.c function req1 line 287 thread 1
----------------------------------------------------
  cnt1=3 (00000000 00000000 00000000 00000011)

State 127 file i2c_pca_isa_4.c function req4 line 315 thread 3
----------------------------------------------------
  irq=-1 (11111111 11111111 11111111 11111111)

State 128 file i2c_pca_isa_4.c function req4 line 316 thread 3
----------------------------------------------------
  cnt4=1 (00000000 00000000 00000000 00000001)

State 131 file i2c_pca_isa_4.c function req4 line 315 thread 3
----------------------------------------------------
  irq=-1 (11111111 11111111 11111111 11111111)

State 132 file i2c_pca_isa_4.c function req4 line 316 thread 3
----------------------------------------------------
  cnt4=2 (00000000 00000000 00000000 00000010)

State 135 file i2c_pca_isa_4.c function req4 line 315 thread 3
----------------------------------------------------
  irq=-1 (11111111 11111111 11111111 11111111)

State 136 file i2c_pca_isa_4.c function req4 line 316 thread 3
----------------------------------------------------
  cnt4=3 (00000000 00000000 00000000 00000011)

State 141 file i2c_pca_isa_4.c function req3 line 305 thread 2
----------------------------------------------------
  irq=3 (00000000 00000000 00000000 00000011)

State 142 file i2c_pca_isa_4.c function req3 line 306 thread 2
----------------------------------------------------
  global_id=3 (00000000 00000000 00000000 00000011)

State 143 file i2c_pca_isa_4.c function req3 line 306 thread 2
----------------------------------------------------
  global_dev=3 (00000000 00000000 00000000 00000011)

State 147 file i2c_pca_isa_4.c function req3 line 308 thread 2
----------------------------------------------------
  global_id=-1 (11111111 11111111 11111111 11111111)

State 148 file i2c_pca_isa_4.c function req3 line 308 thread 2
----------------------------------------------------
  global_dev=-1 (11111111 11111111 11111111 11111111)

State 149 file i2c_pca_isa_4.c function req3 line 309 thread 2
----------------------------------------------------
  cnt3=1 (00000000 00000000 00000000 00000001)

State 152 file i2c_pca_isa_4.c function req3 line 305 thread 2
----------------------------------------------------
  irq=3 (00000000 00000000 00000000 00000011)

State 153 file i2c_pca_isa_4.c function req3 line 306 thread 2
----------------------------------------------------
  global_id=3 (00000000 00000000 00000000 00000011)

State 154 file i2c_pca_isa_4.c function req3 line 306 thread 2
----------------------------------------------------
  global_dev=3 (00000000 00000000 00000000 00000011)

State 158 file i2c_pca_isa_4.c function req2 line 293 thread 4
----------------------------------------------------
  y=0 (00000000 00000000 00000000 00000000)

State 159 file i2c_pca_isa_4.c function req2 line 294 thread 4
----------------------------------------------------
  x=2 (00000000 00000000 00000000 00000010)

State 160 file i2c_pca_isa_4.c function req2 line 295 thread 4
----------------------------------------------------
  irq=2 (00000000 00000000 00000000 00000010)

State 161 file i2c_pca_isa_4.c function req2 line 296 thread 4
----------------------------------------------------
  global_id=2 (00000000 00000000 00000000 00000010)

State 162 file i2c_pca_isa_4.c function req2 line 296 thread 4
----------------------------------------------------
  global_dev=2 (00000000 00000000 00000000 00000010)

State 166 file i2c_pca_isa_4.c function req2 line 298 thread 4
----------------------------------------------------
  global_id=-1 (11111111 11111111 11111111 11111111)

State 167 file i2c_pca_isa_4.c function req2 line 298 thread 4
----------------------------------------------------
  global_dev=-1 (11111111 11111111 11111111 11111111)

State 168 file i2c_pca_isa_4.c function req2 line 299 thread 4
----------------------------------------------------
  cnt2=1 (00000000 00000000 00000000 00000001)

State 171 file i2c_pca_isa_4.c function req2 line 293 thread 4
----------------------------------------------------
  y=0 (00000000 00000000 00000000 00000000)

State 172 file i2c_pca_isa_4.c function req2 line 294 thread 4
----------------------------------------------------
  x=2 (00000000 00000000 00000000 00000010)

State 173 file i2c_pca_isa_4.c function req2 line 295 thread 4
----------------------------------------------------
  irq=2 (00000000 00000000 00000000 00000010)

State 174 file i2c_pca_isa_4.c function req2 line 296 thread 4
----------------------------------------------------
  global_id=2 (00000000 00000000 00000000 00000010)

State 175 file i2c_pca_isa_4.c function req2 line 296 thread 4
----------------------------------------------------
  global_dev=2 (00000000 00000000 00000000 00000010)

State 179 file i2c_pca_isa_4.c function req2 line 298 thread 4
----------------------------------------------------
  global_id=-1 (11111111 11111111 11111111 11111111)

State 180 file i2c_pca_isa_4.c function req2 line 298 thread 4
----------------------------------------------------
  global_dev=-1 (11111111 11111111 11111111 11111111)

State 181 file i2c_pca_isa_4.c function req2 line 299 thread 4
----------------------------------------------------
  cnt2=2 (00000000 00000000 00000000 00000010)

State 184 file i2c_pca_isa_4.c function req2 line 293 thread 4
----------------------------------------------------
  y=0 (00000000 00000000 00000000 00000000)

State 185 file i2c_pca_isa_4.c function req2 line 294 thread 4
----------------------------------------------------
  x=2 (00000000 00000000 00000000 00000010)

State 186 file i2c_pca_isa_4.c function req2 line 295 thread 4
----------------------------------------------------
  irq=2 (00000000 00000000 00000000 00000010)

State 187 file i2c_pca_isa_4.c function req2 line 296 thread 4
----------------------------------------------------
  global_id=2 (00000000 00000000 00000000 00000010)

State 188 file i2c_pca_isa_4.c function req2 line 296 thread 4
----------------------------------------------------
  global_dev=2 (00000000 00000000 00000000 00000010)

State 192 file i2c_pca_isa_4.c function req2 line 298 thread 4
----------------------------------------------------
  global_id=-1 (11111111 11111111 11111111 11111111)

State 193 file i2c_pca_isa_4.c function req2 line 298 thread 4
----------------------------------------------------
  global_dev=-1 (11111111 11111111 11111111 11111111)

State 194 file i2c_pca_isa_4.c function req2 line 299 thread 4
----------------------------------------------------
  cnt2=3 (00000000 00000000 00000000 00000011)

Violated property:
  file i2c_pca_isa_4.c function req3 line 307 thread 2
  assertion 0
  0 != 0



** 5 of 7 failed (5 iterations)
VERIFICATION FAILED
