CBMC version 5.62.0 (ec1d828-dirty) 64-bit x86_64 linux
Parsing i2c_pca_isa_1.c
Converting
Type-checking i2c_pca_isa_1
Generating GOTO Program
Adding CPROVER library (x86_64)
Removal of function pointers and virtual functions
Generic Property Instrumentation
Running with 8 object bits, 56 offset bits (default)
Starting Bounded Model Checking
Unwinding loop req1.0 iteration 1 file i2c_pca_isa_1.c line 278 function req1 thread 1
Unwinding loop req1.0 iteration 2 file i2c_pca_isa_1.c line 278 function req1 thread 1
Not unwinding loop req1.0 iteration 3 file i2c_pca_isa_1.c line 278 function req1 thread 1
Unwinding loop req2.0 iteration 1 file i2c_pca_isa_1.c line 288 function req2 thread 2
Unwinding loop req2.0 iteration 2 file i2c_pca_isa_1.c line 288 function req2 thread 2
Not unwinding loop req2.0 iteration 3 file i2c_pca_isa_1.c line 288 function req2 thread 2
Unwinding loop req3.0 iteration 1 file i2c_pca_isa_1.c line 298 function req3 thread 3
Unwinding loop req3.0 iteration 2 file i2c_pca_isa_1.c line 298 function req3 thread 3
Not unwinding loop req3.0 iteration 3 file i2c_pca_isa_1.c line 298 function req3 thread 3
Unwinding loop req4.0 iteration 1 file i2c_pca_isa_1.c line 308 function req4 thread 4
Unwinding loop req4.0 iteration 2 file i2c_pca_isa_1.c line 308 function req4 thread 4
Not unwinding loop req4.0 iteration 3 file i2c_pca_isa_1.c line 308 function req4 thread 4
Runtime Symex: 0.0243476s
Adding constraints
using sc expand memory model
ssa num:378
start to make constraint
86
success make constraint
--------------------log constraint nums:------------------
fr : 5512
fr-begin : 297
fr-end : 297
ni_eq : 24
po : 130
rf : 348
rf-begin : 348
rf-end : 348
rf-order : 348
rf-some : 51
rfi : 96
spawn-before-fr-false : 393
spawn-before-ws : 60
thread-spawn : 111
ws-begin : 330
ws-end : 330
ws-ext : 540
constraints sum : 9563
spawn_relaxing_cons_nums: 6759
size of program expression: 9941 steps
no slicing due to threads
Generated 18 VCC(s), 18 remaining after simplification
Runtime Postprocess Equation: 0.661166s
Passing problem to propositional reduction
converting SSA
Runtime Convert SSA: 0.438864s
Running propositional reduction
Post-processing
Runtime Post-process: 0.000369799s
Solving with MiniSAT 2.2.1 with simplifier
43732 variables, 218705 clauses
decisions: 109996
propagations: 14925137
conflicts: 20777
SAT checker: instance is UNSATISFIABLE
Runtime Solver: 8.54545s
Runtime decision procedure: 8.98499s

** Results:
i2c_pca_isa_1.c function req1
[req1.assertion.1] line 281 assertion 0: SUCCESS
[req1.assertion.2] line 281 assertion 0: SUCCESS

i2c_pca_isa_1.c function req2
[req2.assertion.1] line 291 assertion 0: SUCCESS
[req2.assertion.2] line 291 assertion 0: SUCCESS

i2c_pca_isa_1.c function req3
[req3.assertion.1] line 301 assertion 0: SUCCESS
[req3.assertion.2] line 301 assertion 0: SUCCESS

** 0 of 6 failed (1 iterations)
VERIFICATION SUCCESSFUL
