CBMC version 5.62.0 (ec1d828-dirty) 64-bit x86_64 linux
Parsing logger_3.c
Converting
Type-checking logger_3
Generating GOTO Program
Adding CPROVER library (x86_64)
Removal of function pointers and virtual functions
Generic Property Instrumentation
Running with 8 object bits, 56 offset bits (default)
Starting Bounded Model Checking
Runtime Symex: 0.17305s
Adding constraints
using sc expand memory model
ssa num:1612
start to make constraint
507
success make constraint
--------------------log constraint nums:------------------
fr : 4041
fr-begin : 1142
fr-end : 1142
nested-isr : 988
ni_eq : 8
po : 878
rf : 1774
rf-begin : 1774
rf-end : 1774
rf-order : 1774
rf-some : 582
rfi : 57
spawn-before-fr-false : 1462
spawn-before-ws : 220
thread-spawn : 782
ws-begin : 415
ws-end : 415
ws-ext : 390
constraints sum : 19618
spawn_relaxing_cons_nums: 8254
size of program expression: 21230 steps
no slicing due to threads
Generated 2 VCC(s), 2 remaining after simplification
Runtime Postprocess Equation: 1.92899s
Passing problem to propositional reduction
converting SSA
Runtime Convert SSA: 2.48074s
Running propositional reduction
Post-processing
Runtime Post-process: 0.000501884s
Solving with MiniSAT 2.2.1 with simplifier
271187 variables, 1302648 clauses
decisions: 960829
propagations: 72765524
conflicts: 124528
SAT checker: instance is UNSATISFIABLE
Runtime Solver: 83.6489s
Runtime decision procedure: 86.1318s

** Results:
logger_3.c function task_measure
[task_measure.assertion.1] line 72 assertion numberOfRecords==pos+1: SUCCESS

** 0 of 1 failed (1 iterations)
VERIFICATION SUCCESSFUL
