CBMC version 5.62.0 (ec1d828-dirty) 64-bit x86_64 linux
Parsing wdt_pci_2.c
Converting
Type-checking wdt_pci_2
Generating GOTO Program
Adding CPROVER library (x86_64)
Removal of function pointers and virtual functions
Generic Property Instrumentation
Running with 8 object bits, 56 offset bits (default)
Starting Bounded Model Checking
aborting path on assume(false) at file <builtin-library-pthread_exit> line 30 function pthread_exit thread 0
Unwinding loop closer4.0 iteration 1 file wdt_pci_2.c line 1063 function closer4 thread 1
Unwinding loop closer4.0 iteration 2 file wdt_pci_2.c line 1063 function closer4 thread 1
Not unwinding loop closer4.0 iteration 3 file wdt_pci_2.c line 1063 function closer4 thread 1
Unwinding loop closer1.0 iteration 1 file wdt_pci_2.c line 960 function closer1 thread 2
Unwinding loop closer1.0 iteration 2 file wdt_pci_2.c line 960 function closer1 thread 2
Not unwinding loop closer1.0 iteration 3 file wdt_pci_2.c line 960 function closer1 thread 2
Unwinding loop closer2.0 iteration 1 file wdt_pci_2.c line 995 function closer2 thread 3
Unwinding loop closer2.0 iteration 2 file wdt_pci_2.c line 995 function closer2 thread 3
Not unwinding loop closer2.0 iteration 3 file wdt_pci_2.c line 995 function closer2 thread 3
Unwinding loop closer3.0 iteration 1 file wdt_pci_2.c line 1028 function closer3 thread 4
Unwinding loop closer3.0 iteration 2 file wdt_pci_2.c line 1028 function closer3 thread 4
Not unwinding loop closer3.0 iteration 3 file wdt_pci_2.c line 1028 function closer3 thread 4
Runtime Symex: 0.0368291s
Adding constraints
using sc expand memory model
ssa num:488
start to make constraint
132
success make constraint
--------------------log constraint nums:------------------
fr : 15477
fr-begin : 540
fr-end : 540
nested-isr : 224
po : 178
rf : 612
rf-begin : 612
rf-end : 612
rf-order : 612
rf-some : 73
rfi : 133
spawn-before-fr-false : 672
spawn-before-ws : 72
thread-spawn : 147
ws-begin : 666
ws-end : 666
ws-ext : 1188
constraints sum : 23024
spawn_relaxing_cons_nums: 17692
size of program expression: 23512 steps
no slicing due to threads
Generated 6 VCC(s), 6 remaining after simplification
Runtime Postprocess Equation: 1.69163s
Passing problem to propositional reduction
converting SSA
Runtime Convert SSA: 1.01779s
Running propositional reduction
Post-processing
Runtime Post-process: 0.00133506s
Solving with MiniSAT 2.2.1 with simplifier
92678 variables, 485178 clauses
decisions: 99227
propagations: 15453973
conflicts: 14392
SAT checker: instance is SATISFIABLE
Runtime Solver: 10.7085s
Runtime decision procedure: 11.7292s
Building error trace
Running propositional reduction
Solving with MiniSAT 2.2.1 with simplifier
92678 variables, 309165 clauses
decisions: 128659
propagations: 21104043
conflicts: 19067
SAT checker: instance is UNSATISFIABLE
Runtime Solver: 3.30128s
Runtime decision procedure: 3.30136s

** Results:
wdt_pci_2.c function closer3
[closer3.assertion.1] line 1047 assertion 0: SUCCESS

wdt_pci_2.c function closer4
[closer4.assertion.1] line 1082 assertion 0: FAILURE

Trace for closer4.assertion.1:

Assumption:
  argc' >= 0

State 42 function __CPROVER__start thread 0
----------------------------------------------------
  INPUT argc: 512 (00000000 00000000 00000010 00000000)

State 46 file wdt_pci_2.c function __CPROVER__start line 1305 thread 0
----------------------------------------------------
  argc=512 (00000000 00000000 00000010 00000000)

State 47 file wdt_pci_2.c function __CPROVER__start line 1305 thread 0
----------------------------------------------------
  argv=argv' (00000010 00000000 00000000 00000000 00000000 00000000 00000000 00000000)

State 48 file wdt_pci_2.c function main line 1307 thread 0
----------------------------------------------------
  t1=0ul (00000000 00000000 00000000 00000000 00000000 00000000 00000000 00000000)

State 49 file wdt_pci_2.c function main line 1308 thread 0
----------------------------------------------------
  t2=0ul (00000000 00000000 00000000 00000000 00000000 00000000 00000000 00000000)

State 62 file wdt_pci_2.c function main line 1354 thread 0
----------------------------------------------------
  value_ptr=NULL (00000000 00000000 00000000 00000000 00000000 00000000 00000000 00000000)

State 74 file wdt_pci_2.c function closer4 line 1064 thread 1
----------------------------------------------------
  wdtpci_write_buf='V' (01010110)

State 75 file wdt_pci_2.c function closer4 line 1065 thread 1
----------------------------------------------------
  expect_close=42 (00000000 00000000 00000000 00101010)

State 76 file wdt_pci_2.c function closer4 line 1066 thread 1
----------------------------------------------------
  count=1 (00000000 00000000 00000000 00000001)

State 81 file wdt_pci_2.c function closer4 line 1086 thread 1
----------------------------------------------------
  expect_close=0 (00000000 00000000 00000000 00000000)

State 82 file wdt_pci_2.c function closer4 line 1088 thread 1
----------------------------------------------------
  cnt8=1 (00000000 00000000 00000000 00000001)

State 85 file wdt_pci_2.c function closer4 line 1064 thread 1
----------------------------------------------------
  wdtpci_write_buf='V' (01010110)

State 86 file wdt_pci_2.c function closer4 line 1065 thread 1
----------------------------------------------------
  expect_close=42 (00000000 00000000 00000000 00101010)

State 87 file wdt_pci_2.c function closer4 line 1066 thread 1
----------------------------------------------------
  count=1 (00000000 00000000 00000000 00000001)

State 92 file wdt_pci_2.c function closer4 line 1086 thread 1
----------------------------------------------------
  expect_close=0 (00000000 00000000 00000000 00000000)

State 93 file wdt_pci_2.c function closer4 line 1088 thread 1
----------------------------------------------------
  cnt8=2 (00000000 00000000 00000000 00000010)

State 96 file wdt_pci_2.c function closer4 line 1064 thread 1
----------------------------------------------------
  wdtpci_write_buf='V' (01010110)

State 97 file wdt_pci_2.c function closer4 line 1065 thread 1
----------------------------------------------------
  expect_close=42 (00000000 00000000 00000000 00101010)

State 99 file wdt_pci_2.c function closer1 line 961 thread 2
----------------------------------------------------
  wdtpci_write_buf='V' (01010110)

State 100 file wdt_pci_2.c function closer1 line 962 thread 2
----------------------------------------------------
  expect_close=42 (00000000 00000000 00000000 00101010)

State 101 file wdt_pci_2.c function closer1 line 963 thread 2
----------------------------------------------------
  count=1 (00000000 00000000 00000000 00000001)

State 106 file wdt_pci_2.c function closer1 line 984 thread 2
----------------------------------------------------
  expect_close=0 (00000000 00000000 00000000 00000000)

State 107 file wdt_pci_2.c function closer1 line 986 thread 2
----------------------------------------------------
  cnt1=1 (00000000 00000000 00000000 00000001)

State 110 file wdt_pci_2.c function closer1 line 961 thread 2
----------------------------------------------------
  wdtpci_write_buf='V' (01010110)

State 111 file wdt_pci_2.c function closer1 line 962 thread 2
----------------------------------------------------
  expect_close=42 (00000000 00000000 00000000 00101010)

State 112 file wdt_pci_2.c function closer1 line 963 thread 2
----------------------------------------------------
  count=1 (00000000 00000000 00000000 00000001)

State 117 file wdt_pci_2.c function closer1 line 984 thread 2
----------------------------------------------------
  expect_close=0 (00000000 00000000 00000000 00000000)

State 118 file wdt_pci_2.c function closer1 line 986 thread 2
----------------------------------------------------
  cnt1=2 (00000000 00000000 00000000 00000010)

State 121 file wdt_pci_2.c function closer1 line 961 thread 2
----------------------------------------------------
  wdtpci_write_buf='V' (01010110)

State 122 file wdt_pci_2.c function closer1 line 962 thread 2
----------------------------------------------------
  expect_close=42 (00000000 00000000 00000000 00101010)

State 123 file wdt_pci_2.c function closer1 line 963 thread 2
----------------------------------------------------
  count=1 (00000000 00000000 00000000 00000001)

State 127 file wdt_pci_2.c function closer2 line 996 thread 3
----------------------------------------------------
  wdtpci_write_buf='V' (01010110)

State 128 file wdt_pci_2.c function closer2 line 997 thread 3
----------------------------------------------------
  expect_close=42 (00000000 00000000 00000000 00101010)

State 129 file wdt_pci_2.c function closer2 line 998 thread 3
----------------------------------------------------
  count=1 (00000000 00000000 00000000 00000001)

State 134 file wdt_pci_2.c function closer2 line 1019 thread 3
----------------------------------------------------
  expect_close=0 (00000000 00000000 00000000 00000000)

State 135 file wdt_pci_2.c function closer2 line 1021 thread 3
----------------------------------------------------
  cnt2=1 (00000000 00000000 00000000 00000001)

State 138 file wdt_pci_2.c function closer2 line 996 thread 3
----------------------------------------------------
  wdtpci_write_buf='V' (01010110)

State 139 file wdt_pci_2.c function closer2 line 997 thread 3
----------------------------------------------------
  expect_close=42 (00000000 00000000 00000000 00101010)

State 140 file wdt_pci_2.c function closer2 line 998 thread 3
----------------------------------------------------
  count=1 (00000000 00000000 00000000 00000001)

State 145 file wdt_pci_2.c function closer2 line 1019 thread 3
----------------------------------------------------
  expect_close=0 (00000000 00000000 00000000 00000000)

State 146 file wdt_pci_2.c function closer2 line 1021 thread 3
----------------------------------------------------
  cnt2=2 (00000000 00000000 00000000 00000010)

State 149 file wdt_pci_2.c function closer2 line 996 thread 3
----------------------------------------------------
  wdtpci_write_buf='V' (01010110)

State 150 file wdt_pci_2.c function closer2 line 997 thread 3
----------------------------------------------------
  expect_close=42 (00000000 00000000 00000000 00101010)

State 151 file wdt_pci_2.c function closer2 line 998 thread 3
----------------------------------------------------
  count=1 (00000000 00000000 00000000 00000001)

State 156 file wdt_pci_2.c function closer2 line 1019 thread 3
----------------------------------------------------
  expect_close=0 (00000000 00000000 00000000 00000000)

State 157 file wdt_pci_2.c function closer2 line 1021 thread 3
----------------------------------------------------
  cnt2=3 (00000000 00000000 00000000 00000011)

State 162 file wdt_pci_2.c function closer3 line 1029 thread 4
----------------------------------------------------
  wdtpci_write_buf='V' (01010110)

State 163 file wdt_pci_2.c function closer3 line 1030 thread 4
----------------------------------------------------
  expect_close=42 (00000000 00000000 00000000 00101010)

State 164 file wdt_pci_2.c function closer3 line 1031 thread 4
----------------------------------------------------
  count=1 (00000000 00000000 00000000 00000001)

State 169 file wdt_pci_2.c function closer3 line 1052 thread 4
----------------------------------------------------
  expect_close=0 (00000000 00000000 00000000 00000000)

State 170 file wdt_pci_2.c function closer3 line 1054 thread 4
----------------------------------------------------
  cnt5=1 (00000000 00000000 00000000 00000001)

State 173 file wdt_pci_2.c function closer3 line 1029 thread 4
----------------------------------------------------
  wdtpci_write_buf='V' (01010110)

State 174 file wdt_pci_2.c function closer3 line 1030 thread 4
----------------------------------------------------
  expect_close=42 (00000000 00000000 00000000 00101010)

State 175 file wdt_pci_2.c function closer3 line 1031 thread 4
----------------------------------------------------
  count=1 (00000000 00000000 00000000 00000001)

State 180 file wdt_pci_2.c function closer3 line 1052 thread 4
----------------------------------------------------
  expect_close=0 (00000000 00000000 00000000 00000000)

State 181 file wdt_pci_2.c function closer3 line 1054 thread 4
----------------------------------------------------
  cnt5=2 (00000000 00000000 00000000 00000010)

State 184 file wdt_pci_2.c function closer3 line 1029 thread 4
----------------------------------------------------
  wdtpci_write_buf='V' (01010110)

State 185 file wdt_pci_2.c function closer3 line 1030 thread 4
----------------------------------------------------
  expect_close=42 (00000000 00000000 00000000 00101010)

State 186 file wdt_pci_2.c function closer3 line 1031 thread 4
----------------------------------------------------
  count=1 (00000000 00000000 00000000 00000001)

State 191 file wdt_pci_2.c function closer3 line 1052 thread 4
----------------------------------------------------
  expect_close=0 (00000000 00000000 00000000 00000000)

State 192 file wdt_pci_2.c function closer3 line 1054 thread 4
----------------------------------------------------
  cnt5=3 (00000000 00000000 00000000 00000011)

State 196 file wdt_pci_2.c function closer1 line 984 thread 2
----------------------------------------------------
  expect_close=0 (00000000 00000000 00000000 00000000)

State 197 file wdt_pci_2.c function closer1 line 986 thread 2
----------------------------------------------------
  cnt1=3 (00000000 00000000 00000000 00000011)

State 207 file wdt_pci_2.c function closer4 line 1066 thread 1
----------------------------------------------------
  count=1 (00000000 00000000 00000000 00000001)

Violated property:
  file wdt_pci_2.c function closer4 line 1082 thread 1
  assertion 0
  0 != 0



** 1 of 2 failed (2 iterations)
VERIFICATION FAILED
