CBMC version 5.62.0 (ec1d828-dirty) 64-bit x86_64 linux
Parsing i8xx_tco_4.c
Converting
Type-checking i8xx_tco_4
Generating GOTO Program
Adding CPROVER library (x86_64)
Removal of function pointers and virtual functions
Generic Property Instrumentation
Running with 8 object bits, 56 offset bits (default)
Starting Bounded Model Checking
Unwinding loop writer1.3 iteration 1 file i8xx_tco_4.c line 750 function writer1 thread 1
Unwinding loop writer1.3 iteration 2 file i8xx_tco_4.c line 750 function writer1 thread 1
Not unwinding loop writer1.3 iteration 3 file i8xx_tco_4.c line 750 function writer1 thread 1
Unwinding loop closer1.5 iteration 1 file i8xx_tco_4.c line 730 function closer1 thread 2
Unwinding loop closer1.5 iteration 2 file i8xx_tco_4.c line 730 function closer1 thread 2
Not unwinding loop closer1.5 iteration 3 file i8xx_tco_4.c line 730 function closer1 thread 2
Unwinding loop closer2.5 iteration 1 file i8xx_tco_4.c line 717 function closer2 thread 3
Unwinding loop closer2.5 iteration 2 file i8xx_tco_4.c line 717 function closer2 thread 3
Not unwinding loop closer2.5 iteration 3 file i8xx_tco_4.c line 717 function closer2 thread 3
Unwinding loop closer2.5 iteration 1 file i8xx_tco_4.c line 717 function closer2 thread 4
Unwinding loop closer2.5 iteration 2 file i8xx_tco_4.c line 717 function closer2 thread 4
Not unwinding loop closer2.5 iteration 3 file i8xx_tco_4.c line 717 function closer2 thread 4
Unwinding loop closer2.5 iteration 1 file i8xx_tco_4.c line 717 function closer2 thread 5
Unwinding loop closer2.5 iteration 2 file i8xx_tco_4.c line 717 function closer2 thread 5
Not unwinding loop closer2.5 iteration 3 file i8xx_tco_4.c line 717 function closer2 thread 5
Runtime Symex: 0.0470363s
Adding constraints
using sc expand memory model
ssa num:692
start to make constraint
246
success make constraint
--------------------log constraint nums:------------------
fr : 21671
fr-begin : 696
fr-end : 696
nested-isr : 149
ni_eq : 12
po : 238
rf : 768
rf-begin : 768
rf-end : 768
rf-order : 768
rf-some : 78
rfi : 159
spawn-before-fr-false : 3468
spawn-before-fr-true : 1143
spawn-before-ws : 455
thread-spawn : 210
ws-begin : 1397
ws-end : 1397
ws-ext : 1884
constraints sum : 36725
spawn_relaxing_cons_nums: 28939
size of program expression: 37417 steps
no slicing due to threads
Generated 15 VCC(s), 15 remaining after simplification
Runtime Postprocess Equation: 2.90949s
Passing problem to propositional reduction
converting SSA
Runtime Convert SSA: 1.46445s
Running propositional reduction
Post-processing
Runtime Post-process: 0.00121347s
Solving with MiniSAT 2.2.1 with simplifier
127413 variables, 694241 clauses
decisions: 177927
propagations: 37394360
conflicts: 30425
SAT checker: instance is SATISFIABLE
Runtime Solver: 29.4801s
Runtime decision procedure: 30.9507s
Building error trace
Running propositional reduction
Solving with MiniSAT 2.2.1 with simplifier
127413 variables, 392488 clauses
decisions: 191388
propagations: 41677435
conflicts: 32436
SAT checker: instance is SATISFIABLE
Runtime Solver: 3.45414s
Runtime decision procedure: 3.45426s
Building error trace
Running propositional reduction
Solving with MiniSAT 2.2.1 with simplifier
127413 variables, 386345 clauses
decisions: 221102
propagations: 49729252
conflicts: 37678
SAT checker: instance is UNSATISFIABLE
Runtime Solver: 4.87063s
Runtime decision procedure: 4.87071s

** Results:
i8xx_tco_4.c function closer1
[closer1.assertion.1] line 737 assertion y>=0&&y<=3: FAILURE
[closer1.assertion.2] line 739 assertion 0: FAILURE

i8xx_tco_4.c function closer2
[closer2.assertion.1] line 721 assertion 0: SUCCESS

Trace for closer1.assertion.1:

Assumption:
  argc' >= 0

State 41 function __CPROVER__start thread 0
----------------------------------------------------
  INPUT argc: 16 (00000000 00000000 00000000 00010000)

State 45 file i8xx_tco_4.c function __CPROVER__start line 758 thread 0
----------------------------------------------------
  argc=16 (00000000 00000000 00000000 00010000)

State 46 file i8xx_tco_4.c function __CPROVER__start line 758 thread 0
----------------------------------------------------
  argv=argv' (00000010 00000000 00000000 00000000 00000000 00000000 00000000 00000000)

State 47 file i8xx_tco_4.c function main line 760 thread 0
----------------------------------------------------
  tco_expect_close=0 (00000000)

State 59 file i8xx_tco_4.c function __CPROVER__start line 758 thread 0
----------------------------------------------------
  OUTPUT return': 0 (00000000 00000000 00000000 00000000)

State 69 file i8xx_tco_4.c function writer1 line 748 thread 1
----------------------------------------------------
  x=0 (00000000 00000000 00000000 00000000)

State 70 file i8xx_tco_4.c function writer1 line 749 thread 1
----------------------------------------------------
  y=2 (00000000 00000000 00000000 00000010)

State 73 file i8xx_tco_4.c function writer1 line 751 thread 1
----------------------------------------------------
  tco1_rld=1 (00000001)

State 77 file i8xx_tco_4.c function writer1 line 752 thread 1
----------------------------------------------------
  cnt3=1 (00000000 00000000 00000000 00000001)

State 81 file i8xx_tco_4.c function writer1 line 751 thread 1
----------------------------------------------------
  tco1_rld=1 (00000001)

State 85 file i8xx_tco_4.c function writer1 line 752 thread 1
----------------------------------------------------
  cnt3=2 (00000000 00000000 00000000 00000010)

State 89 file i8xx_tco_4.c function writer1 line 751 thread 1
----------------------------------------------------
  tco1_rld=1 (00000001)

State 93 file i8xx_tco_4.c function writer1 line 752 thread 1
----------------------------------------------------
  cnt3=3 (00000000 00000000 00000000 00000011)

State 98 file i8xx_tco_4.c function closer1 line 731 thread 2
----------------------------------------------------
  tco_write_buf='V' (01010110)

State 101 file i8xx_tco_4.c function closer1 line 732 thread 2
----------------------------------------------------
  tco_expect_close=0 (00000000)

State 103 file i8xx_tco_4.c function closer1 line 732 thread 2
----------------------------------------------------
  tco_expect_close='*' (00101010)

State 104 file i8xx_tco_4.c function closer1 line 732 thread 2
----------------------------------------------------
  tco1_rld=1 (00000001)

State 114 file i8xx_tco_4.c function closer1 line 735 thread 2
----------------------------------------------------
  x=1 (00000000 00000000 00000000 00000001)

State 116 file i8xx_tco_4.c function closer2 line 718 thread 3
----------------------------------------------------
  tco_write_buf='V' (01010110)

State 119 file i8xx_tco_4.c function closer2 line 719 thread 3
----------------------------------------------------
  tco_expect_close=0 (00000000)

State 121 file i8xx_tco_4.c function closer2 line 719 thread 3
----------------------------------------------------
  tco_expect_close='*' (00101010)

State 122 file i8xx_tco_4.c function closer2 line 719 thread 3
----------------------------------------------------
  tco1_rld=1 (00000001)

State 126 file i8xx_tco_4.c function closer2 line 720 thread 3
----------------------------------------------------
  tco_expect_close='*' (00101010)

State 128 file i8xx_tco_4.c function closer2 line 721 thread 3
----------------------------------------------------
  timer_alive=0ul (00000000 00000000 00000000 00000000 00000000 00000000 00000000 00000000)

State 130 file i8xx_tco_4.c function closer2 line 721 thread 3
----------------------------------------------------
  tco_expect_close=0 (00000000)

State 132 file i8xx_tco_4.c function closer2 line 722 thread 3
----------------------------------------------------
  cnt1=1 (00000000 00000000 00000000 00000001)

State 133 file i8xx_tco_4.c function closer2 line 723 thread 3
----------------------------------------------------
  x=2 (00000000 00000000 00000000 00000010)

State 134 file i8xx_tco_4.c function closer2 line 724 thread 3
----------------------------------------------------
  y=0 (00000000 00000000 00000000 00000000)

State 137 file i8xx_tco_4.c function closer2 line 718 thread 3
----------------------------------------------------
  tco_write_buf='V' (01010110)

State 140 file i8xx_tco_4.c function closer2 line 719 thread 3
----------------------------------------------------
  tco_expect_close=0 (00000000)

State 142 file i8xx_tco_4.c function closer2 line 719 thread 3
----------------------------------------------------
  tco_expect_close='*' (00101010)

State 143 file i8xx_tco_4.c function closer2 line 719 thread 3
----------------------------------------------------
  tco1_rld=1 (00000001)

State 147 file i8xx_tco_4.c function closer2 line 720 thread 3
----------------------------------------------------
  tco_expect_close='*' (00101010)

State 149 file i8xx_tco_4.c function closer2 line 721 thread 3
----------------------------------------------------
  timer_alive=0ul (00000000 00000000 00000000 00000000 00000000 00000000 00000000 00000000)

State 151 file i8xx_tco_4.c function closer2 line 721 thread 3
----------------------------------------------------
  tco_expect_close=0 (00000000)

State 153 file i8xx_tco_4.c function closer2 line 722 thread 3
----------------------------------------------------
  cnt1=2 (00000000 00000000 00000000 00000010)

State 154 file i8xx_tco_4.c function closer2 line 723 thread 3
----------------------------------------------------
  x=2 (00000000 00000000 00000000 00000010)

State 155 file i8xx_tco_4.c function closer2 line 724 thread 3
----------------------------------------------------
  y=0 (00000000 00000000 00000000 00000000)

State 158 file i8xx_tco_4.c function closer2 line 718 thread 3
----------------------------------------------------
  tco_write_buf='V' (01010110)

State 161 file i8xx_tco_4.c function closer2 line 719 thread 3
----------------------------------------------------
  tco_expect_close=0 (00000000)

State 163 file i8xx_tco_4.c function closer2 line 719 thread 3
----------------------------------------------------
  tco_expect_close='*' (00101010)

State 164 file i8xx_tco_4.c function closer2 line 719 thread 3
----------------------------------------------------
  tco1_rld=1 (00000001)

State 168 file i8xx_tco_4.c function closer2 line 720 thread 3
----------------------------------------------------
  tco_expect_close='*' (00101010)

State 170 file i8xx_tco_4.c function closer2 line 721 thread 3
----------------------------------------------------
  timer_alive=0ul (00000000 00000000 00000000 00000000 00000000 00000000 00000000 00000000)

State 172 file i8xx_tco_4.c function closer2 line 721 thread 3
----------------------------------------------------
  tco_expect_close=0 (00000000)

State 174 file i8xx_tco_4.c function closer2 line 722 thread 3
----------------------------------------------------
  cnt1=3 (00000000 00000000 00000000 00000011)

State 175 file i8xx_tco_4.c function closer2 line 723 thread 3
----------------------------------------------------
  x=2 (00000000 00000000 00000000 00000010)

State 176 file i8xx_tco_4.c function closer2 line 724 thread 3
----------------------------------------------------
  y=0 (00000000 00000000 00000000 00000000)

State 180 file i8xx_tco_4.c function closer1 line 736 thread 2
----------------------------------------------------
  y=2 (00000000 00000000 00000000 00000010)

State 182 file i8xx_tco_4.c function closer1 line 738 thread 2
----------------------------------------------------
  tco_expect_close='*' (00101010)

State 184 file i8xx_tco_4.c function closer1 line 739 thread 2
----------------------------------------------------
  timer_alive=0ul (00000000 00000000 00000000 00000000 00000000 00000000 00000000 00000000)

State 186 file i8xx_tco_4.c function closer1 line 739 thread 2
----------------------------------------------------
  tco_expect_close=0 (00000000)

State 188 file i8xx_tco_4.c function closer1 line 740 thread 2
----------------------------------------------------
  cnt2=1 (00000000 00000000 00000000 00000001)

State 191 file i8xx_tco_4.c function closer1 line 731 thread 2
----------------------------------------------------
  tco_write_buf='V' (01010110)

State 194 file i8xx_tco_4.c function closer1 line 732 thread 2
----------------------------------------------------
  tco_expect_close=0 (00000000)

State 196 file i8xx_tco_4.c function closer1 line 732 thread 2
----------------------------------------------------
  tco_expect_close='*' (00101010)

State 197 file i8xx_tco_4.c function closer1 line 732 thread 2
----------------------------------------------------
  tco1_rld=1 (00000001)

State 207 file i8xx_tco_4.c function closer1 line 735 thread 2
----------------------------------------------------
  x=1 (00000000 00000000 00000000 00000001)

State 208 file i8xx_tco_4.c function closer1 line 736 thread 2
----------------------------------------------------
  y=3 (00000000 00000000 00000000 00000011)

State 210 file i8xx_tco_4.c function closer1 line 738 thread 2
----------------------------------------------------
  tco_expect_close='*' (00101010)

State 212 file i8xx_tco_4.c function closer1 line 739 thread 2
----------------------------------------------------
  timer_alive=0ul (00000000 00000000 00000000 00000000 00000000 00000000 00000000 00000000)

State 214 file i8xx_tco_4.c function closer1 line 739 thread 2
----------------------------------------------------
  tco_expect_close=0 (00000000)

State 220 file i8xx_tco_4.c function closer1 line 740 thread 2
----------------------------------------------------
  cnt2=2 (00000000 00000000 00000000 00000010)

State 223 file i8xx_tco_4.c function closer1 line 731 thread 2
----------------------------------------------------
  tco_write_buf='V' (01010110)

State 226 file i8xx_tco_4.c function closer1 line 732 thread 2
----------------------------------------------------
  tco_expect_close=0 (00000000)

State 228 file i8xx_tco_4.c function closer1 line 732 thread 2
----------------------------------------------------
  tco_expect_close='*' (00101010)

State 229 file i8xx_tco_4.c function closer1 line 732 thread 2
----------------------------------------------------
  tco1_rld=1 (00000001)

State 239 file i8xx_tco_4.c function closer1 line 735 thread 2
----------------------------------------------------
  x=1 (00000000 00000000 00000000 00000001)

State 240 file i8xx_tco_4.c function closer1 line 736 thread 2
----------------------------------------------------
  y=4 (00000000 00000000 00000000 00000100)

Violated property:
  file i8xx_tco_4.c function closer1 line 737 thread 2
  assertion y>=0&&y<=3
  y >= 0 && y <= 3



Trace for closer1.assertion.2:

Assumption:
  argc' >= 0

State 41 function __CPROVER__start thread 0
----------------------------------------------------
  INPUT argc: 16 (00000000 00000000 00000000 00010000)

State 45 file i8xx_tco_4.c function __CPROVER__start line 758 thread 0
----------------------------------------------------
  argc=16 (00000000 00000000 00000000 00010000)

State 46 file i8xx_tco_4.c function __CPROVER__start line 758 thread 0
----------------------------------------------------
  argv=argv' (00000010 00000000 00000000 00000000 00000000 00000000 00000000 00000000)

State 47 file i8xx_tco_4.c function main line 760 thread 0
----------------------------------------------------
  tco_expect_close=0 (00000000)

State 59 file i8xx_tco_4.c function __CPROVER__start line 758 thread 0
----------------------------------------------------
  OUTPUT return': 0 (00000000 00000000 00000000 00000000)

State 69 file i8xx_tco_4.c function writer1 line 748 thread 1
----------------------------------------------------
  x=0 (00000000 00000000 00000000 00000000)

State 70 file i8xx_tco_4.c function writer1 line 749 thread 1
----------------------------------------------------
  y=2 (00000000 00000000 00000000 00000010)

State 73 file i8xx_tco_4.c function writer1 line 751 thread 1
----------------------------------------------------
  tco1_rld=1 (00000001)

State 77 file i8xx_tco_4.c function writer1 line 752 thread 1
----------------------------------------------------
  cnt3=1 (00000000 00000000 00000000 00000001)

State 81 file i8xx_tco_4.c function writer1 line 751 thread 1
----------------------------------------------------
  tco1_rld=1 (00000001)

State 85 file i8xx_tco_4.c function writer1 line 752 thread 1
----------------------------------------------------
  cnt3=2 (00000000 00000000 00000000 00000010)

State 89 file i8xx_tco_4.c function writer1 line 751 thread 1
----------------------------------------------------
  tco1_rld=1 (00000001)

State 94 file i8xx_tco_4.c function closer1 line 731 thread 2
----------------------------------------------------
  tco_write_buf='V' (01010110)

State 97 file i8xx_tco_4.c function closer1 line 732 thread 2
----------------------------------------------------
  tco_expect_close=0 (00000000)

State 99 file i8xx_tco_4.c function closer1 line 732 thread 2
----------------------------------------------------
  tco_expect_close='*' (00101010)

State 100 file i8xx_tco_4.c function closer1 line 732 thread 2
----------------------------------------------------
  tco1_rld=1 (00000001)

State 110 file i8xx_tco_4.c function closer1 line 735 thread 2
----------------------------------------------------
  x=1 (00000000 00000000 00000000 00000001)

State 111 file i8xx_tco_4.c function closer1 line 736 thread 2
----------------------------------------------------
  y=3 (00000000 00000000 00000000 00000011)

State 113 file i8xx_tco_4.c function closer1 line 738 thread 2
----------------------------------------------------
  tco_expect_close='*' (00101010)

State 115 file i8xx_tco_4.c function closer2 line 718 thread 3
----------------------------------------------------
  tco_write_buf='V' (01010110)

State 118 file i8xx_tco_4.c function closer2 line 719 thread 3
----------------------------------------------------
  tco_expect_close=0 (00000000)

State 120 file i8xx_tco_4.c function closer2 line 719 thread 3
----------------------------------------------------
  tco_expect_close='*' (00101010)

State 121 file i8xx_tco_4.c function closer2 line 719 thread 3
----------------------------------------------------
  tco1_rld=1 (00000001)

State 125 file i8xx_tco_4.c function closer2 line 720 thread 3
----------------------------------------------------
  tco_expect_close='*' (00101010)

State 127 file i8xx_tco_4.c function closer2 line 721 thread 3
----------------------------------------------------
  timer_alive=0ul (00000000 00000000 00000000 00000000 00000000 00000000 00000000 00000000)

State 129 file i8xx_tco_4.c function closer2 line 721 thread 3
----------------------------------------------------
  tco_expect_close=0 (00000000)

State 131 file i8xx_tco_4.c function closer2 line 722 thread 3
----------------------------------------------------
  cnt1=1 (00000000 00000000 00000000 00000001)

State 132 file i8xx_tco_4.c function closer2 line 723 thread 3
----------------------------------------------------
  x=2 (00000000 00000000 00000000 00000010)

State 133 file i8xx_tco_4.c function closer2 line 724 thread 3
----------------------------------------------------
  y=0 (00000000 00000000 00000000 00000000)

State 136 file i8xx_tco_4.c function closer2 line 718 thread 3
----------------------------------------------------
  tco_write_buf='V' (01010110)

State 139 file i8xx_tco_4.c function closer2 line 719 thread 3
----------------------------------------------------
  tco_expect_close=0 (00000000)

State 141 file i8xx_tco_4.c function closer2 line 719 thread 3
----------------------------------------------------
  tco_expect_close='*' (00101010)

State 142 file i8xx_tco_4.c function closer2 line 719 thread 3
----------------------------------------------------
  tco1_rld=1 (00000001)

State 146 file i8xx_tco_4.c function closer2 line 720 thread 3
----------------------------------------------------
  tco_expect_close='*' (00101010)

State 148 file i8xx_tco_4.c function closer2 line 721 thread 3
----------------------------------------------------
  timer_alive=0ul (00000000 00000000 00000000 00000000 00000000 00000000 00000000 00000000)

State 150 file i8xx_tco_4.c function closer2 line 721 thread 3
----------------------------------------------------
  tco_expect_close=0 (00000000)

State 152 file i8xx_tco_4.c function closer2 line 722 thread 3
----------------------------------------------------
  cnt1=2 (00000000 00000000 00000000 00000010)

State 153 file i8xx_tco_4.c function closer2 line 723 thread 3
----------------------------------------------------
  x=2 (00000000 00000000 00000000 00000010)

State 154 file i8xx_tco_4.c function closer2 line 724 thread 3
----------------------------------------------------
  y=0 (00000000 00000000 00000000 00000000)

State 157 file i8xx_tco_4.c function closer2 line 718 thread 3
----------------------------------------------------
  tco_write_buf='V' (01010110)

State 160 file i8xx_tco_4.c function closer2 line 719 thread 3
----------------------------------------------------
  tco_expect_close=0 (00000000)

State 162 file i8xx_tco_4.c function closer2 line 719 thread 3
----------------------------------------------------
  tco_expect_close='*' (00101010)

State 163 file i8xx_tco_4.c function closer2 line 719 thread 3
----------------------------------------------------
  tco1_rld=1 (00000001)

State 167 file i8xx_tco_4.c function closer2 line 720 thread 3
----------------------------------------------------
  tco_expect_close='*' (00101010)

State 169 file i8xx_tco_4.c function closer2 line 721 thread 3
----------------------------------------------------
  timer_alive=0ul (00000000 00000000 00000000 00000000 00000000 00000000 00000000 00000000)

State 171 file i8xx_tco_4.c function closer2 line 721 thread 3
----------------------------------------------------
  tco_expect_close=0 (00000000)

State 173 file i8xx_tco_4.c function closer2 line 722 thread 3
----------------------------------------------------
  cnt1=3 (00000000 00000000 00000000 00000011)

State 174 file i8xx_tco_4.c function closer2 line 723 thread 3
----------------------------------------------------
  x=2 (00000000 00000000 00000000 00000010)

State 175 file i8xx_tco_4.c function closer2 line 724 thread 3
----------------------------------------------------
  y=0 (00000000 00000000 00000000 00000000)

Violated property:
  file i8xx_tco_4.c function closer1 line 739 thread 2
  assertion 0
  0 != 0



** 2 of 3 failed (3 iterations)
VERIFICATION FAILED
