CBMC version 5.62.0 (ec1d828-dirty) 64-bit x86_64 linux
Parsing i2c_pca_isa_3.c
Converting
Type-checking i2c_pca_isa_3
Generating GOTO Program
Adding CPROVER library (x86_64)
Removal of function pointers and virtual functions
Generic Property Instrumentation
Running with 8 object bits, 56 offset bits (default)
Starting Bounded Model Checking
Unwinding loop req1.0 iteration 1 file i2c_pca_isa_3.c line 288 function req1 thread 1
Unwinding loop req1.0 iteration 2 file i2c_pca_isa_3.c line 288 function req1 thread 1
Not unwinding loop req1.0 iteration 3 file i2c_pca_isa_3.c line 288 function req1 thread 1
Unwinding loop req2.0 iteration 1 file i2c_pca_isa_3.c line 298 function req2 thread 2
Unwinding loop req2.0 iteration 2 file i2c_pca_isa_3.c line 298 function req2 thread 2
Not unwinding loop req2.0 iteration 3 file i2c_pca_isa_3.c line 298 function req2 thread 2
Unwinding loop req3.0 iteration 1 file i2c_pca_isa_3.c line 310 function req3 thread 3
Unwinding loop req3.0 iteration 2 file i2c_pca_isa_3.c line 310 function req3 thread 3
Not unwinding loop req3.0 iteration 3 file i2c_pca_isa_3.c line 310 function req3 thread 3
Unwinding loop req4.0 iteration 1 file i2c_pca_isa_3.c line 320 function req4 thread 4
Unwinding loop req4.0 iteration 2 file i2c_pca_isa_3.c line 320 function req4 thread 4
Not unwinding loop req4.0 iteration 3 file i2c_pca_isa_3.c line 320 function req4 thread 4
Unwinding loop req6.0 iteration 1 file i2c_pca_isa_3.c line 342 function req6 thread 5
Unwinding loop req6.0 iteration 2 file i2c_pca_isa_3.c line 342 function req6 thread 5
Not unwinding loop req6.0 iteration 3 file i2c_pca_isa_3.c line 342 function req6 thread 5
Unwinding loop req5.0 iteration 1 file i2c_pca_isa_3.c line 332 function req5 thread 6
Unwinding loop req5.0 iteration 2 file i2c_pca_isa_3.c line 332 function req5 thread 6
Not unwinding loop req5.0 iteration 3 file i2c_pca_isa_3.c line 332 function req5 thread 6
Unwinding loop req7.0 iteration 1 file i2c_pca_isa_3.c line 351 function req7 thread 7
Unwinding loop req7.0 iteration 2 file i2c_pca_isa_3.c line 351 function req7 thread 7
Not unwinding loop req7.0 iteration 3 file i2c_pca_isa_3.c line 351 function req7 thread 7
Unwinding loop req8.0 iteration 1 file i2c_pca_isa_3.c line 361 function req8 thread 8
Unwinding loop req8.0 iteration 2 file i2c_pca_isa_3.c line 361 function req8 thread 8
Not unwinding loop req8.0 iteration 3 file i2c_pca_isa_3.c line 361 function req8 thread 8
Runtime Symex: 0.0325661s
Adding constraints
using sc expand memory model
ssa num:564
start to make constraint
180
success make constraint
--------------------log constraint nums:------------------
fr : 11096
fr-begin : 279
fr-end : 279
nested-isr : 540
ni_eq : 16
po : 210
rf : 336
rf-begin : 336
rf-end : 336
rf-order : 336
rf-some : 57
rfi : 72
spawn-before-fr-false : 351
spawn-before-ws : 132
thread-spawn : 195
ws-begin : 1896
ws-end : 1896
ws-ext : 3528
constraints sum : 21891
spawn_relaxing_cons_nums: 13927
size of program expression: 22455 steps
no slicing due to threads
Generated 6 VCC(s), 6 remaining after simplification
Runtime Postprocess Equation: 1.57704s
Passing problem to propositional reduction
converting SSA
Runtime Convert SSA: 1.29863s
Running propositional reduction
Post-processing
Runtime Post-process: 0.000794987s
Solving with MiniSAT 2.2.1 with simplifier
134720 variables, 669159 clauses
decisions: 470228
propagations: 151539324
conflicts: 84870
SAT checker: instance is UNSATISFIABLE
Runtime Solver: 85.9742s
Runtime decision procedure: 87.2767s

** Results:
i2c_pca_isa_3.c function req8
[req8.assertion.1] line 364 assertion 0: SUCCESS
[req8.assertion.2] line 364 assertion 0: SUCCESS

** 0 of 2 failed (1 iterations)
VERIFICATION SUCCESSFUL
