CBMC version 5.62.0 (ec1d828-dirty) 64-bit x86_64 linux
Parsing brake_3.c
Converting
Type-checking brake_3
Generating GOTO Program
Adding CPROVER library (x86_64)
Removal of function pointers and virtual functions
Generic Property Instrumentation
Running with 8 object bits, 56 offset bits (default)
Starting Bounded Model Checking
Runtime Symex: 0.168454s
Adding constraints
using sc expand memory model
ssa num:1255
start to make constraint
364
success make constraint
--------------------log constraint nums:------------------
fr : 59
fr-begin : 9
fr-end : 9
nested-isr : 56
ni_eq : 4
po : 347
rf : 131
rf-begin : 131
rf-end : 131
rf-order : 131
rf-some : 154
rfi : 67
spawn-before-fr-false : 32
spawn-before-ws : 13
thread-spawn : 229
ws-begin : 13
ws-end : 13
constraints sum : 1529
spawn_relaxing_cons_nums: 665
size of program expression: 2784 steps
no slicing due to threads
Generated 1 VCC(s), 1 remaining after simplification
Runtime Postprocess Equation: 0.0668501s
Passing problem to propositional reduction
converting SSA
Runtime Convert SSA: 2.72051s
Running propositional reduction
Post-processing
Runtime Post-process: 0.00124487s
Solving with MiniSAT 2.2.1 with simplifier
373675 variables, 1687784 clauses
decisions: 214770
propagations: 15447267
conflicts: 36512
SAT checker: instance is SATISFIABLE
Runtime Solver: 15.8163s
Runtime decision procedure: 18.5371s
Building error trace

** Results:
brake_3.c function task_compute
[task_compute.assertion.1] line 263 assertion fabs(vkmh-tmp)<=0.001: FAILURE

Trace for task_compute.assertion.1:

State 16 file brake_3.c function __CPROVER_initialize line 186 thread 0
----------------------------------------------------
  __CPROVER_thread_priorities[0l]=5 (00000000 00000000 00000000 00000101)

State 17 file brake_3.c function __CPROVER_initialize line 186 thread 0
----------------------------------------------------
  __CPROVER_thread_priorities[1l]=5 (00000000 00000000 00000000 00000101)

State 18 file brake_3.c function __CPROVER_initialize line 186 thread 0
----------------------------------------------------
  __CPROVER_thread_priorities[2l]=5 (00000000 00000000 00000000 00000101)

State 19 file brake_3.c function __CPROVER_initialize line 186 thread 0
----------------------------------------------------
  __CPROVER_thread_priorities[3l]=5 (00000000 00000000 00000000 00000101)

State 20 file brake_3.c function __CPROVER_initialize line 186 thread 0
----------------------------------------------------
  __CPROVER_thread_priorities[4l]=22 (00000000 00000000 00000000 00010110)

State 22 file brake_3.c function __CPROVER_initialize line 187 thread 0
----------------------------------------------------
  __CPROVER_threads[0l]="c::task_RR_Wheel" (00000010 00000000 00000000 00000000 00000000 00000000 00000000 00000000)

State 23 file brake_3.c function __CPROVER_initialize line 187 thread 0
----------------------------------------------------
  __CPROVER_threads[1l]="c::task_FR_Wheel" (00000011 00000000 00000000 00000000 00000000 00000000 00000000 00000000)

State 24 file brake_3.c function __CPROVER_initialize line 187 thread 0
----------------------------------------------------
  __CPROVER_threads[2l]="c::task_FL_Wheel" (00000100 00000000 00000000 00000000 00000000 00000000 00000000 00000000)

State 25 file brake_3.c function __CPROVER_initialize line 187 thread 0
----------------------------------------------------
  __CPROVER_threads[3l]="c::task_RL_Wheel" (00000101 00000000 00000000 00000000 00000000 00000000 00000000 00000000)

State 26 file brake_3.c function __CPROVER_initialize line 187 thread 0
----------------------------------------------------
  __CPROVER_threads[4l]="c::task_compute" (00000110 00000000 00000000 00000000 00000000 00000000 00000000 00000000)

State 40 file brake_acc_nodiv_ctrl_data.c function __CPROVER_initialize line 24 thread 0
----------------------------------------------------
  brake_acc_nodiv_ctrl_P.Distribution_Gain[0l]=0.31 (00111111 11010011 11010111 00001010 00111101 01110000 10100011 11010111)

State 41 file brake_acc_nodiv_ctrl_data.c function __CPROVER_initialize line 24 thread 0
----------------------------------------------------
  brake_acc_nodiv_ctrl_P.Distribution_Gain[1l]=0.29 (00111111 11010010 10001111 01011100 00101000 11110101 11000010 10001111)

State 42 file brake_acc_nodiv_ctrl_data.c function __CPROVER_initialize line 24 thread 0
----------------------------------------------------
  brake_acc_nodiv_ctrl_P.Distribution_Gain[2l]=0.21 (00111111 11001010 11100001 01000111 10101110 00010100 01111010 11100001)

State 43 file brake_acc_nodiv_ctrl_data.c function __CPROVER_initialize line 24 thread 0
----------------------------------------------------
  brake_acc_nodiv_ctrl_P.Distribution_Gain[3l]=0.19 (00111111 11001000 01010001 11101011 10000101 00011110 10111000 01010010)

Assumption:
  argc' >= 0

State 103 function __CPROVER__start thread 0
----------------------------------------------------
  INPUT argc: 1342177280 (01010000 00000000 00000000 00000000)

State 107 file brake_3.c function __CPROVER__start line 559 thread 0
----------------------------------------------------
  argc=1342177280 (01010000 00000000 00000000 00000000)

State 108 file brake_3.c function __CPROVER__start line 559 thread 0
----------------------------------------------------
  argv=argv' (00000111 00000000 00000000 00000000 00000000 00000000 00000000 00000000)

State 115 file brake_acc_nodiv_ctrl.c function brake_acc_nodiv_ctrl_initialize line 479 thread 0
----------------------------------------------------
  realSize=sizeof(real_T) /*8ul*/  (00000000 00000000 00000000 00000000 00000000 00000000 00000000 00001000)

State 119 file rtGetNaN.c function rtGetNaN line 32 thread 0
----------------------------------------------------
  bitsPerReal=64ul (00000000 00000000 00000000 00000000 00000000 00000000 00000000 01000000)

State 121 file rtGetNaN.c function rtGetNaN line 33 thread 0
----------------------------------------------------
  nan=0.0 (00000000 00000000 00000000 00000000 00000000 00000000 00000000 00000000)

State 124 file rtGetNaN.c function rtGetNaN line 41 thread 0
----------------------------------------------------
  one=1 (00000000 00000001)

State 126 file rtGetNaN.c function rtGetNaN line 45 thread 0
----------------------------------------------------
  machByteOrder=/*enum*/LittleEndian (00000000 00000000 00000000 00000000)

State 129 file rtGetNaN.c function rtGetNaN line 52 thread 0
----------------------------------------------------
  tmpVal={ .bitVal={ .words={ .wordL=0u, .wordH=0u } } } ({ { 00000000 00000000 00000000 00000000, 00000000 00000000 00000000 00000000 } })

State 130 file rtGetNaN.c function rtGetNaN line 54 thread 0
----------------------------------------------------
  byte_extract_little_endian(tmpVal, 4l, unsigned int)=4294443008u (11111111 11111000 00000000 00000000)

State 131 file rtGetNaN.c function rtGetNaN line 55 thread 0
----------------------------------------------------
  byte_extract_little_endian(tmpVal, 0l, unsigned int)=0u (00000000 00000000 00000000 00000000)

State 132 file rtGetNaN.c function rtGetNaN line 56 thread 0
----------------------------------------------------
  nan=-NAN (11111111 11111000 00000000 00000000 00000000 00000000 00000000 00000000)

State 136 file rt_nonfinite.c function rt_InitInfAndNaN line 44 thread 0
----------------------------------------------------
  rtNaN=-NAN (11111111 11111000 00000000 00000000 00000000 00000000 00000000 00000000)

State 140 file rtGetNaN.c function rtGetNaNF line 86 thread 0
----------------------------------------------------
  nanF.wordL={ .wordLreal=0.0f } (00000000 00000000 00000000 00000000)

State 142 file rtGetNaN.c function rtGetNaNF line 88 thread 0
----------------------------------------------------
  one=1 (00000000 00000001)

State 144 file rtGetNaN.c function rtGetNaNF line 92 thread 0
----------------------------------------------------
  machByteOrder=/*enum*/LittleEndian (00000000 00000000 00000000 00000000)

State 147 file rtGetNaN.c function rtGetNaNF line 96 thread 0
----------------------------------------------------
  byte_extract_little_endian(nanF.wordL, 0l, unsigned int)=4290772992u (11111111 11000000 00000000 00000000)

State 151 file rt_nonfinite.c function rt_InitInfAndNaN line 45 thread 0
----------------------------------------------------
  rtNaNF=-NAN (11111111 11000000 00000000 00000000)

State 155 file rtGetInf.c function rtGetInf line 32 thread 0
----------------------------------------------------
  bitsPerReal=64ul (00000000 00000000 00000000 00000000 00000000 00000000 00000000 01000000)

State 157 file rtGetInf.c function rtGetInf line 33 thread 0
----------------------------------------------------
  inf=0.0 (00000000 00000000 00000000 00000000 00000000 00000000 00000000 00000000)

State 160 file rtGetInf.c function rtGetInf line 41 thread 0
----------------------------------------------------
  one=1 (00000000 00000001)

State 162 file rtGetInf.c function rtGetInf line 45 thread 0
----------------------------------------------------
  machByteOrder=/*enum*/LittleEndian (00000000 00000000 00000000 00000000)

State 165 file rtGetInf.c function rtGetInf line 52 thread 0
----------------------------------------------------
  tmpVal={ .bitVal={ .words={ .wordL=0u, .wordH=0u } } } ({ { 00000000 00000000 00000000 00000000, 00000000 00000000 00000000 00000000 } })

State 166 file rtGetInf.c function rtGetInf line 54 thread 0
----------------------------------------------------
  byte_extract_little_endian(tmpVal, 4l, unsigned int)=2146435072u (01111111 11110000 00000000 00000000)

State 167 file rtGetInf.c function rtGetInf line 55 thread 0
----------------------------------------------------
  byte_extract_little_endian(tmpVal, 0l, unsigned int)=0u (00000000 00000000 00000000 00000000)

State 168 file rtGetInf.c function rtGetInf line 56 thread 0
----------------------------------------------------
  inf=+INFINITY (01111111 11110000 00000000 00000000 00000000 00000000 00000000 00000000)

State 172 file rt_nonfinite.c function rt_InitInfAndNaN line 46 thread 0
----------------------------------------------------
  rtInf=+INFINITY (01111111 11110000 00000000 00000000 00000000 00000000 00000000 00000000)

State 175 file rtGetInf.c function rtGetInfF line 86 thread 0
----------------------------------------------------
  infF={ .wordL={ .wordLreal=0.0f } } ({ 00000000 00000000 00000000 00000000 })

State 176 file rtGetInf.c function rtGetInfF line 87 thread 0
----------------------------------------------------
  byte_extract_little_endian(infF.wordL, 0l, unsigned int)=2139095040u (01111111 10000000 00000000 00000000)

State 179 file rt_nonfinite.c function rt_InitInfAndNaN line 47 thread 0
----------------------------------------------------
  rtInfF=+INFINITY (01111111 10000000 00000000 00000000)

State 183 file rtGetInf.c function rtGetMinusInf line 97 thread 0
----------------------------------------------------
  bitsPerReal=64ul (00000000 00000000 00000000 00000000 00000000 00000000 00000000 01000000)

State 185 file rtGetInf.c function rtGetMinusInf line 98 thread 0
----------------------------------------------------
  minf=0.0 (00000000 00000000 00000000 00000000 00000000 00000000 00000000 00000000)

State 188 file rtGetInf.c function rtGetMinusInf line 106 thread 0
----------------------------------------------------
  one=1 (00000000 00000001)

State 190 file rtGetInf.c function rtGetMinusInf line 110 thread 0
----------------------------------------------------
  machByteOrder=/*enum*/LittleEndian (00000000 00000000 00000000 00000000)

State 193 file rtGetInf.c function rtGetMinusInf line 117 thread 0
----------------------------------------------------
  tmpVal={ .bitVal={ .words={ .wordL=0u, .wordH=0u } } } ({ { 00000000 00000000 00000000 00000000, 00000000 00000000 00000000 00000000 } })

State 194 file rtGetInf.c function rtGetMinusInf line 119 thread 0
----------------------------------------------------
  byte_extract_little_endian(tmpVal, 4l, unsigned int)=4293918720u (11111111 11110000 00000000 00000000)

State 195 file rtGetInf.c function rtGetMinusInf line 120 thread 0
----------------------------------------------------
  byte_extract_little_endian(tmpVal, 0l, unsigned int)=0u (00000000 00000000 00000000 00000000)

State 196 file rtGetInf.c function rtGetMinusInf line 121 thread 0
----------------------------------------------------
  minf=-INFINITY (11111111 11110000 00000000 00000000 00000000 00000000 00000000 00000000)

State 200 file rt_nonfinite.c function rt_InitInfAndNaN line 48 thread 0
----------------------------------------------------
  rtMinusInf=-INFINITY (11111111 11110000 00000000 00000000 00000000 00000000 00000000 00000000)

State 203 file rtGetInf.c function rtGetMinusInfF line 151 thread 0
----------------------------------------------------
  minfF={ .wordL={ .wordLreal=0.0f } } ({ 00000000 00000000 00000000 00000000 })

State 204 file rtGetInf.c function rtGetMinusInfF line 152 thread 0
----------------------------------------------------
  byte_extract_little_endian(minfF.wordL, 0l, unsigned int)=4286578688u (11111111 10000000 00000000 00000000)

State 207 file rt_nonfinite.c function rt_InitInfAndNaN line 49 thread 0
----------------------------------------------------
  rtMinusInfF=-INFINITY (11111111 10000000 00000000 00000000)

State 209 file brake_acc_nodiv_ctrl.c function brake_acc_nodiv_ctrl_initialize line 483 thread 0
----------------------------------------------------
  brake_acc_nodiv_ctrl_P.ABS_FL_Wheel.positive_UpperSat=+INFINITY (01111111 11110000 00000000 00000000 00000000 00000000 00000000 00000000)

State 210 file brake_acc_nodiv_ctrl.c function brake_acc_nodiv_ctrl_initialize line 484 thread 0
----------------------------------------------------
  brake_acc_nodiv_ctrl_P.ABS_FR_Wheel.positive_UpperSat=+INFINITY (01111111 11110000 00000000 00000000 00000000 00000000 00000000 00000000)

State 211 file brake_acc_nodiv_ctrl.c function brake_acc_nodiv_ctrl_initialize line 485 thread 0
----------------------------------------------------
  brake_acc_nodiv_ctrl_P.ABS_RL_Wheel.positive_UpperSat=+INFINITY (01111111 11110000 00000000 00000000 00000000 00000000 00000000 00000000)

State 212 file brake_acc_nodiv_ctrl.c function brake_acc_nodiv_ctrl_initialize line 486 thread 0
----------------------------------------------------
  brake_acc_nodiv_ctrl_P.ABS_RR_Wheel.positive_UpperSat=+INFINITY (01111111 11110000 00000000 00000000 00000000 00000000 00000000 00000000)

State 213 file brake_acc_nodiv_ctrl.c function brake_acc_nodiv_ctrl_initialize line 532 thread 0
----------------------------------------------------
  RT_Buffer0=0.0 (00000000 00000000 00000000 00000000 00000000 00000000 00000000 00000000)

State 214 file brake_acc_nodiv_ctrl.c function brake_acc_nodiv_ctrl_initialize line 535 thread 0
----------------------------------------------------
  RT4_Buffer0=0.0 (00000000 00000000 00000000 00000000 00000000 00000000 00000000 00000000)

State 215 file brake_acc_nodiv_ctrl.c function brake_acc_nodiv_ctrl_initialize line 538 thread 0
----------------------------------------------------
  RT1_Buffer0=0.0 (00000000 00000000 00000000 00000000 00000000 00000000 00000000 00000000)

State 216 file brake_acc_nodiv_ctrl.c function brake_acc_nodiv_ctrl_initialize line 541 thread 0
----------------------------------------------------
  RT2_Buffer0=0.0 (00000000 00000000 00000000 00000000 00000000 00000000 00000000 00000000)

State 217 file brake_acc_nodiv_ctrl.c function brake_acc_nodiv_ctrl_initialize line 544 thread 0
----------------------------------------------------
  RT3_Buffer0=0.0 (00000000 00000000 00000000 00000000 00000000 00000000 00000000 00000000)

State 222 file brake_3.c function main line 568 thread 0
----------------------------------------------------
  _inputs=&brake_acc_nodiv_ctrl_U (00001000 00000000 00000000 00000000 00000000 00000000 00000000 00000000)

State 223 file brake_3.c function havocInputs line 168 thread 0
----------------------------------------------------
  inputs={ .In_BrakePedal=2.785280e+5, .In_RRRotation=1.048576e+6, .In_RLRotation=0.0,
    .In_FRRotation=0.0, .In_FLRotation=-0.5 } ({ 01000001 00010001 00000000 00000000 00000000 00000000 00000001 00000000, 01000001 00101111 11111111 11111111 00000000 00000000 00000001 00000000, 00000000 00000000 00000000 00000000 00000000 00000000 00000000 00000000, 00000000 00000000 00000000 00000000 00000000 00000000 00000000 00000000, 10111111 11011111 11111111 11111111 11111111 11111111 11111111 11111111 })

State 224 file brake_3.c function havocInputs line 178 thread 0
----------------------------------------------------
  brake_acc_nodiv_ctrl_U.In_BrakePedal=2.785280e+5 (01000001 00010001 00000000 00000000 00000000 00000000 00000001 00000000)

State 225 file brake_3.c function havocInputs line 178 thread 0
----------------------------------------------------
  brake_acc_nodiv_ctrl_U.In_RRRotation=1.048576e+6 (01000001 00101111 11111111 11111111 00000000 00000000 00000001 00000000)

State 226 file brake_3.c function havocInputs line 178 thread 0
----------------------------------------------------
  brake_acc_nodiv_ctrl_U.In_RLRotation=0.0 (00000000 00000000 00000000 00000000 00000000 00000000 00000000 00000000)

State 227 file brake_3.c function havocInputs line 178 thread 0
----------------------------------------------------
  brake_acc_nodiv_ctrl_U.In_FRRotation=0.0 (00000000 00000000 00000000 00000000 00000000 00000000 00000000 00000000)

State 228 file brake_3.c function havocInputs line 178 thread 0
----------------------------------------------------
  brake_acc_nodiv_ctrl_U.In_FLRotation=-0.5 (10111111 11011111 11111111 11111111 11111111 11111111 11111111 11111111)

State 248 file brake_3.c function main line 593 thread 0
----------------------------------------------------
  result=0 (00000000 00000000 00000000 00000000)

State 252 file brake_3.c function __CPROVER__start line 559 thread 0
----------------------------------------------------
  OUTPUT return': 0 (00000000 00000000 00000000 00000000)

State 268 file brake_3.c function task_compute line 206 thread 1
----------------------------------------------------
  brake_acc_nodiv_ctrl_B_local={ .RT_h=0.0, .RT4=0.0, .RT1=0.0, .RT2=0.0, .RT3=0.0,
    .RT14=0.0, .RT9=0.0, .RT10=0.0, .RT11=0.0,
    .RT12=0.0, .vkmh=0.0, .Distribution={ 0.0, 0.0, 0.0, 0.0 }, .Gain1=0.0,
    .ABS_FL_Wheel={ .Threshold_10kmh=0.0 }, .ABS_FR_Wheel={ .Threshold_10kmh=0.0 },
    .ABS_RL_Wheel={ .Threshold_10kmh=0.0 },
    .ABS_RR_Wheel={ .Threshold_10kmh=0.0 } } ({ 00000000 00000000 00000000 00000000 00000000 00000000 00000000 00000000, 00000000 00000000 00000000 00000000 00000000 00000000 00000000 00000000, 00000000 00000000 00000000 00000000 00000000 00000000 00000000 00000000, 00000000 00000000 00000000 00000000 00000000 00000000 00000000 00000000, 00000000 00000000 00000000 00000000 00000000 00000000 00000000 00000000, 00000000 00000000 00000000 00000000 00000000 00000000 00000000 00000000, 00000000 00000000 00000000 00000000 00000000 00000000 00000000 00000000, 00000000 00000000 00000000 00000000 00000000 00000000 00000000 00000000, 00000000 00000000 00000000 00000000 00000000 00000000 00000000 00000000, 00000000 00000000 00000000 00000000 00000000 00000000 00000000 00000000, 00000000 00000000 00000000 00000000 00000000 00000000 00000000 00000000, { 00000000 00000000 00000000 00000000 00000000 00000000 00000000 00000000, 00000000 00000000 00000000 00000000 00000000 00000000 00000000 00000000, 00000000 00000000 00000000 00000000 00000000 00000000 00000000 00000000, 00000000 00000000 00000000 00000000 00000000 00000000 00000000 00000000 }, 00000000 00000000 00000000 00000000 00000000 00000000 00000000 00000000, { 00000000 00000000 00000000 00000000 00000000 00000000 00000000 00000000 }, { 00000000 00000000 00000000 00000000 00000000 00000000 00000000 00000000 }, { 00000000 00000000 00000000 00000000 00000000 00000000 00000000 00000000 }, { 00000000 00000000 00000000 00000000 00000000 00000000 00000000 00000000 } })

State 269 file brake_3.c function task_compute line 209 thread 1
----------------------------------------------------
  brake_acc_nodiv_ctrl_B_local.RT_h=0.0 (00000000 00000000 00000000 00000000 00000000 00000000 00000000 00000000)

State 272 file brake_3.c function task_FL_Wheel line 367 thread 3
----------------------------------------------------
  brake_acc_nodiv_ctrl_B_local={ .RT_h=0.0, .RT4=0.0, .RT1=0.0, .RT2=0.0, .RT3=0.0,
    .RT14=0.0, .RT9=0.0, .RT10=0.0, .RT11=0.0,
    .RT12=0.0, .vkmh=0.0, .Distribution={ 0.0, 0.0, 0.0, 0.0 }, .Gain1=0.0,
    .ABS_FL_Wheel={ .Threshold_10kmh=0.0 }, .ABS_FR_Wheel={ .Threshold_10kmh=0.0 },
    .ABS_RL_Wheel={ .Threshold_10kmh=0.0 },
    .ABS_RR_Wheel={ .Threshold_10kmh=0.0 } } ({ 00000000 00000000 00000000 00000000 00000000 00000000 00000000 00000000, 00000000 00000000 00000000 00000000 00000000 00000000 00000000 00000000, 00000000 00000000 00000000 00000000 00000000 00000000 00000000 00000000, 00000000 00000000 00000000 00000000 00000000 00000000 00000000 00000000, 00000000 00000000 00000000 00000000 00000000 00000000 00000000 00000000, 00000000 00000000 00000000 00000000 00000000 00000000 00000000 00000000, 00000000 00000000 00000000 00000000 00000000 00000000 00000000 00000000, 00000000 00000000 00000000 00000000 00000000 00000000 00000000 00000000, 00000000 00000000 00000000 00000000 00000000 00000000 00000000 00000000, 00000000 00000000 00000000 00000000 00000000 00000000 00000000 00000000, 00000000 00000000 00000000 00000000 00000000 00000000 00000000 00000000, { 00000000 00000000 00000000 00000000 00000000 00000000 00000000 00000000, 00000000 00000000 00000000 00000000 00000000 00000000 00000000 00000000, 00000000 00000000 00000000 00000000 00000000 00000000 00000000 00000000, 00000000 00000000 00000000 00000000 00000000 00000000 00000000 00000000 }, 00000000 00000000 00000000 00000000 00000000 00000000 00000000 00000000, { 00000000 00000000 00000000 00000000 00000000 00000000 00000000 00000000 }, { 00000000 00000000 00000000 00000000 00000000 00000000 00000000 00000000 }, { 00000000 00000000 00000000 00000000 00000000 00000000 00000000 00000000 }, { 00000000 00000000 00000000 00000000 00000000 00000000 00000000 00000000 } })

State 273 file brake_3.c function task_FL_Wheel line 370 thread 3
----------------------------------------------------
  brake_acc_nodiv_ctrl_B_local.RT_h=0.0 (00000000 00000000 00000000 00000000 00000000 00000000 00000000 00000000)

State 274 file brake_3.c function task_FL_Wheel line 373 thread 3
----------------------------------------------------
  brake_acc_nodiv_ctrl_B_local.RT4=0.0 (00000000 00000000 00000000 00000000 00000000 00000000 00000000 00000000)

State 275 file brake_3.c function task_FL_Wheel line 376 thread 3
----------------------------------------------------
  brake_acc_nodiv_ctrl_B_local.RT1=0.0 (00000000 00000000 00000000 00000000 00000000 00000000 00000000 00000000)

State 276 file brake_3.c function task_FL_Wheel line 379 thread 3
----------------------------------------------------
  brake_acc_nodiv_ctrl_B_local.RT2=0.0 (00000000 00000000 00000000 00000000 00000000 00000000 00000000 00000000)

State 277 file brake_3.c function task_FL_Wheel line 382 thread 3
----------------------------------------------------
  brake_acc_nodiv_ctrl_B_local.RT3=0.0 (00000000 00000000 00000000 00000000 00000000 00000000 00000000 00000000)

State 278 file brake_3.c function task_FL_Wheel line 389 thread 3
----------------------------------------------------
  rtb_to_int1=0.0 (00000000 00000000 00000000 00000000 00000000 00000000 00000000 00000000)

State 279 file brake_3.c function task_FL_Wheel line 390 thread 3
----------------------------------------------------
  tmp=0.0 (00000000 00000000 00000000 00000000 00000000 00000000 00000000 00000000)

State 282 file brake_3.c function task_FL_Wheel line 395 thread 3
----------------------------------------------------
  u=-0.5 (10111111 11011111 11111111 11111111 11111111 11111111 11111111 11111111)

State 283 file brake_acc_nodiv_ctrl.c function rt_roundd_snf line 195 thread 3
----------------------------------------------------
  y=0.0 (00000000 00000000 00000000 00000000 00000000 00000000 00000000 00000000)

State 287 file brake_acc_nodiv_ctrl.c function rt_roundd_snf line 196 thread 3
----------------------------------------------------
  d=-0.5 (10111111 11011111 11111111 11111111 11111111 11111111 11111111 11111111)

State 294 file brake_acc_nodiv_ctrl.c function rt_roundd_snf line 200 thread 3
----------------------------------------------------
  y=-0.0 (10000000 00000000 00000000 00000000 00000000 00000000 00000000 00000000)

State 299 file brake_3.c function task_FL_Wheel line 395 thread 3
----------------------------------------------------
  rtb_to_int1=-0.0 (10000000 00000000 00000000 00000000 00000000 00000000 00000000 00000000)

State 300 file brake_3.c function task_FL_Wheel line 398 thread 3
----------------------------------------------------
  brake_acc_nodiv_ctrl_B_local.RT_h=0.0 (00000000 00000000 00000000 00000000 00000000 00000000 00000000 00000000)

State 301 file brake_3.c function task_FL_Wheel line 401 thread 3
----------------------------------------------------
  brake_acc_nodiv_ctrl_B_local.RT4=0.0 (00000000 00000000 00000000 00000000 00000000 00000000 00000000 00000000)

State 304 file brake_3.c function task_FL_Wheel line 406 thread 3
----------------------------------------------------
  rtu_vVehicleVelocitykmh=0.0 (00000000 00000000 00000000 00000000 00000000 00000000 00000000 00000000)

State 305 file brake_3.c function task_FL_Wheel line 406 thread 3
----------------------------------------------------
  rtu_TRequestedTorqueNm=0.0 (00000000 00000000 00000000 00000000 00000000 00000000 00000000 00000000)

State 306 file brake_3.c function task_FL_Wheel line 406 thread 3
----------------------------------------------------
  rtu_wwheelRotationrpm=-0.0 (10000000 00000000 00000000 00000000 00000000 00000000 00000000 00000000)

State 307 file brake_3.c function task_FL_Wheel line 406 thread 3
----------------------------------------------------
  localB=&brake_acc_nodiv_ctrl_B_local!3@1.ABS_FL_Wheel (00001010 00000000 00000000 00000000 00000000 00000000 00000000 10000000)

State 308 file brake_3.c function task_FL_Wheel line 406 thread 3
----------------------------------------------------
  localP.wheSpdms_Gain=0.05236 (00111111 10101010 11001110 11101001 11110011 01111011 11101011 11010101)

State 309 file brake_3.c function task_FL_Wheel line 406 thread 3
----------------------------------------------------
  localP.vms_Gain=0.277778 (00111111 11010001 11000111 00011100 01110001 11000111 00011100 01110010)

State 310 file brake_3.c function task_FL_Wheel line 406 thread 3
----------------------------------------------------
  localP.positive_UpperSat=+INFINITY (01111111 11110000 00000000 00000000 00000000 00000000 00000000 00000000)

State 311 file brake_3.c function task_FL_Wheel line 406 thread 3
----------------------------------------------------
  localP.positive_LowerSat=0.0 (00000000 00000000 00000000 00000000 00000000 00000000 00000000 00000000)

State 312 file brake_3.c function task_FL_Wheel line 406 thread 3
----------------------------------------------------
  localP.times_10_Gain=10.0 (01000000 00100100 00000000 00000000 00000000 00000000 00000000 00000000)

State 313 file brake_3.c function task_FL_Wheel line 406 thread 3
----------------------------------------------------
  localP.slip_abs_on_times_10_Gain=1.0 (00111111 11110000 00000000 00000000 00000000 00000000 00000000 00000000)

State 314 file brake_3.c function task_FL_Wheel line 406 thread 3
----------------------------------------------------
  localP.Threshold_10kmh_Threshold=10.0 (01000000 00100100 00000000 00000000 00000000 00000000 00000000 00000000)

State 315 file brake_3.c function task_FL_Wheel line 406 thread 3
----------------------------------------------------
  localP.ReleaseBrake_Value=0 (00000000)

State 316 file brake_3.c function task_FL_Wheel line 406 thread 3
----------------------------------------------------
  localP.$pad8=0 (00000000 00000000 00000000 00000000 00000000 00000000 00000000)

State 317 file brake_acc_nodiv_ctrl.c function brake_acc_nodiv_ct_ABS_RR_Wheel line 76 thread 3
----------------------------------------------------
  rtb_RelationalOperator=0 (00000000)

State 318 file brake_acc_nodiv_ctrl.c function brake_acc_nodiv_ct_ABS_RR_Wheel line 77 thread 3
----------------------------------------------------
  rtb_vms=0.0 (00000000 00000000 00000000 00000000 00000000 00000000 00000000 00000000)

State 319 file brake_acc_nodiv_ctrl.c function brake_acc_nodiv_ct_ABS_RR_Wheel line 78 thread 3
----------------------------------------------------
  u=0.0 (00000000 00000000 00000000 00000000 00000000 00000000 00000000 00000000)

State 320 file brake_acc_nodiv_ctrl.c function brake_acc_nodiv_ct_ABS_RR_Wheel line 82 thread 3
----------------------------------------------------
  rtb_vms=0.0 (00000000 00000000 00000000 00000000 00000000 00000000 00000000 00000000)

State 321 file brake_acc_nodiv_ctrl.c function brake_acc_nodiv_ct_ABS_RR_Wheel line 87 thread 3
----------------------------------------------------
  u=0.0 (00000000 00000000 00000000 00000000 00000000 00000000 00000000 00000000)

State 324 file brake_acc_nodiv_ctrl.c function brake_acc_nodiv_ct_ABS_RR_Wheel line 94 thread 3
----------------------------------------------------
  u=0.0 (00000000 00000000 00000000 00000000 00000000 00000000 00000000 00000000)

State 325 file brake_acc_nodiv_ctrl.c function brake_acc_nodiv_ct_ABS_RR_Wheel line 103 thread 3
----------------------------------------------------
  rtb_RelationalOperator=0 (00000000)

State 327 file brake_acc_nodiv_ctrl.c function brake_acc_nodiv_ct_ABS_RR_Wheel line 122 thread 3
----------------------------------------------------
  brake_acc_nodiv_ctrl_B_local.ABS_FL_Wheel.Threshold_10kmh=0.0 (00000000 00000000 00000000 00000000 00000000 00000000 00000000 00000000)

State 330 file brake_3.c function task_FL_Wheel line 420 thread 3
----------------------------------------------------
  tmp=100.0 (01000000 01011001 00000000 00000000 00000000 00000000 00000000 00000000)

State 335 file brake_3.c function task_FL_Wheel line 432 thread 3
----------------------------------------------------
  u=100.0 (01000000 01011001 00000000 00000000 00000000 00000000 00000000 00000000)

State 336 file brake_acc_nodiv_ctrl.c function rt_roundd_snf line 195 thread 3
----------------------------------------------------
  y=0.0 (00000000 00000000 00000000 00000000 00000000 00000000 00000000 00000000)

State 340 file brake_acc_nodiv_ctrl.c function rt_roundd_snf line 196 thread 3
----------------------------------------------------
  d=100.0 (01000000 01011001 00000000 00000000 00000000 00000000 00000000 00000000)

State 348 file brake_acc_nodiv_ctrl.c function rt_roundd_snf line 198 thread 3
----------------------------------------------------
  x=100.5 (01000000 01011001 00100000 00000000 00000000 00000000 00000000 00000000)

State 352 file <builtin-library-floor> function floor line 16 thread 3
----------------------------------------------------
  rounding_mode=0x400 (00000000 00000000 00000100 00000000)

State 353 file <builtin-library-floor> function floor line 16 thread 3
----------------------------------------------------
  d=100.5 (01000000 01011001 00100000 00000000 00000000 00000000 00000000 00000000)

State 355 file <builtin-library-__sort_of_CPROVER_round_to_integral> function __sort_of_CPROVER_round_to_integral line 15 thread 3
----------------------------------------------------
  magicConst=4.503600e+15 (01000011 00110000 00000000 00000000 00000000 00000000 00000000 00000000)

State 356 file <builtin-library-__sort_of_CPROVER_round_to_integral> function __sort_of_CPROVER_round_to_integral line 16 thread 3
----------------------------------------------------
  return_value=0.0 (00000000 00000000 00000000 00000000 00000000 00000000 00000000 00000000)

State 364 file <builtin-library-__sort_of_CPROVER_round_to_integral> function __sort_of_CPROVER_round_to_integral line 17 thread 3
----------------------------------------------------
  saved_rounding_mode=0 (00000000 00000000 00000000 00000000)

State 367 file <builtin-library-__sort_of_CPROVER_round_to_integral> function __sort_of_CPROVER_round_to_integral line 18 thread 3
----------------------------------------------------
  rounding_mode=0x400 (00000000 00000000 00000100 00000000)

State 373 file <builtin-library-__sort_of_CPROVER_round_to_integral> function __sort_of_CPROVER_round_to_integral line 20 thread 3
----------------------------------------------------
  d=100.5 (01000000 01011001 00100000 00000000 00000000 00000000 00000000 00000000)

State 380 file <builtin-library-__sort_of_CPROVER_round_to_integral> function __sort_of_CPROVER_round_to_integral line 27 thread 3
----------------------------------------------------
  tmp=4.503600e+15 (01000011 00110000 00000000 00000000 00000000 00000000 00000000 01100100)

State 381 file <builtin-library-__sort_of_CPROVER_round_to_integral> function __sort_of_CPROVER_round_to_integral line 28 thread 3
----------------------------------------------------
  return_value=100.0 (01000000 01011001 00000000 00000000 00000000 00000000 00000000 00000000)

State 385 file <builtin-library-__sort_of_CPROVER_round_to_integral> function __sort_of_CPROVER_round_to_integral line 35 thread 3
----------------------------------------------------
  rounding_mode=0 (00000000 00000000 00000000 00000000)

State 393 file brake_acc_nodiv_ctrl.c function rt_roundd_snf line 198 thread 3
----------------------------------------------------
  y=100.0 (01000000 01011001 00000000 00000000 00000000 00000000 00000000 00000000)

State 399 file brake_3.c function task_FL_Wheel line 431 thread 3
----------------------------------------------------
  RT14=3000.0 (01000000 10100111 01110000 00000000 00000000 00000000 00000000 00000000)

State 400 file brake_3.c function task_FL_Wheel line 435 thread 3
----------------------------------------------------
  RT12=-0.0 (10000000 00000000 00000000 00000000 00000000 00000000 00000000 00000000)

State 403 file brake_3.c function task_compute line 212 thread 1
----------------------------------------------------
  brake_acc_nodiv_ctrl_B_local.RT4=0.0 (00000000 00000000 00000000 00000000 00000000 00000000 00000000 00000000)

State 404 file brake_3.c function task_compute line 215 thread 1
----------------------------------------------------
  brake_acc_nodiv_ctrl_B_local.RT1=0.0 (00000000 00000000 00000000 00000000 00000000 00000000 00000000 00000000)

State 405 file brake_3.c function task_compute line 218 thread 1
----------------------------------------------------
  brake_acc_nodiv_ctrl_B_local.RT2=0.0 (00000000 00000000 00000000 00000000 00000000 00000000 00000000 00000000)

State 406 file brake_3.c function task_compute line 221 thread 1
----------------------------------------------------
  brake_acc_nodiv_ctrl_B_local.RT3=0.0 (00000000 00000000 00000000 00000000 00000000 00000000 00000000 00000000)

State 407 file brake_3.c function task_compute line 228 thread 1
----------------------------------------------------
  vkmh=0.0 (00000000 00000000 00000000 00000000 00000000 00000000 00000000 00000000)

State 408 file brake_3.c function task_compute line 229 thread 1
----------------------------------------------------
  Distribution_idx=0.0 (00000000 00000000 00000000 00000000 00000000 00000000 00000000 00000000)

State 409 file brake_3.c function task_compute line 230 thread 1
----------------------------------------------------
  Distribution_idx_0=0.0 (00000000 00000000 00000000 00000000 00000000 00000000 00000000 00000000)

State 410 file brake_3.c function task_compute line 231 thread 1
----------------------------------------------------
  Distribution_idx_1=0.0 (00000000 00000000 00000000 00000000 00000000 00000000 00000000 00000000)

State 411 file brake_3.c function task_compute line 237 thread 1
----------------------------------------------------
  Distribution_idx=0.0 (00000000 00000000 00000000 00000000 00000000 00000000 00000000 00000000)

State 412 file brake_3.c function task_compute line 239 thread 1
----------------------------------------------------
  Distribution_idx_0=0.0 (00000000 00000000 00000000 00000000 00000000 00000000 00000000 00000000)

State 413 file brake_3.c function task_compute line 241 thread 1
----------------------------------------------------
  Distribution_idx_1=0.0 (00000000 00000000 00000000 00000000 00000000 00000000 00000000 00000000)

State 414 file brake_3.c function task_RR_Wheel line 298 thread 2
----------------------------------------------------
  brake_acc_nodiv_ctrl_B_local={ .RT_h=0.0, .RT4=0.0, .RT1=0.0, .RT2=0.0, .RT3=0.0,
    .RT14=0.0, .RT9=0.0, .RT10=0.0, .RT11=0.0,
    .RT12=0.0, .vkmh=0.0, .Distribution={ 0.0, 0.0, 0.0, 0.0 }, .Gain1=0.0,
    .ABS_FL_Wheel={ .Threshold_10kmh=0.0 }, .ABS_FR_Wheel={ .Threshold_10kmh=0.0 },
    .ABS_RL_Wheel={ .Threshold_10kmh=0.0 },
    .ABS_RR_Wheel={ .Threshold_10kmh=0.0 } } ({ 00000000 00000000 00000000 00000000 00000000 00000000 00000000 00000000, 00000000 00000000 00000000 00000000 00000000 00000000 00000000 00000000, 00000000 00000000 00000000 00000000 00000000 00000000 00000000 00000000, 00000000 00000000 00000000 00000000 00000000 00000000 00000000 00000000, 00000000 00000000 00000000 00000000 00000000 00000000 00000000 00000000, 00000000 00000000 00000000 00000000 00000000 00000000 00000000 00000000, 00000000 00000000 00000000 00000000 00000000 00000000 00000000 00000000, 00000000 00000000 00000000 00000000 00000000 00000000 00000000 00000000, 00000000 00000000 00000000 00000000 00000000 00000000 00000000 00000000, 00000000 00000000 00000000 00000000 00000000 00000000 00000000 00000000, 00000000 00000000 00000000 00000000 00000000 00000000 00000000 00000000, { 00000000 00000000 00000000 00000000 00000000 00000000 00000000 00000000, 00000000 00000000 00000000 00000000 00000000 00000000 00000000 00000000, 00000000 00000000 00000000 00000000 00000000 00000000 00000000 00000000, 00000000 00000000 00000000 00000000 00000000 00000000 00000000 00000000 }, 00000000 00000000 00000000 00000000 00000000 00000000 00000000 00000000, { 00000000 00000000 00000000 00000000 00000000 00000000 00000000 00000000 }, { 00000000 00000000 00000000 00000000 00000000 00000000 00000000 00000000 }, { 00000000 00000000 00000000 00000000 00000000 00000000 00000000 00000000 }, { 00000000 00000000 00000000 00000000 00000000 00000000 00000000 00000000 } })

State 415 file brake_3.c function task_RR_Wheel line 301 thread 2
----------------------------------------------------
  brake_acc_nodiv_ctrl_B_local.RT_h=0.0 (00000000 00000000 00000000 00000000 00000000 00000000 00000000 00000000)

State 416 file brake_3.c function task_RR_Wheel line 304 thread 2
----------------------------------------------------
  brake_acc_nodiv_ctrl_B_local.RT4=0.0 (00000000 00000000 00000000 00000000 00000000 00000000 00000000 00000000)

State 417 file brake_3.c function task_RR_Wheel line 307 thread 2
----------------------------------------------------
  brake_acc_nodiv_ctrl_B_local.RT1=0.0 (00000000 00000000 00000000 00000000 00000000 00000000 00000000 00000000)

State 418 file brake_3.c function task_RR_Wheel line 310 thread 2
----------------------------------------------------
  brake_acc_nodiv_ctrl_B_local.RT2=0.0 (00000000 00000000 00000000 00000000 00000000 00000000 00000000 00000000)

State 419 file brake_3.c function task_RR_Wheel line 313 thread 2
----------------------------------------------------
  brake_acc_nodiv_ctrl_B_local.RT3=0.0 (00000000 00000000 00000000 00000000 00000000 00000000 00000000 00000000)

State 420 file brake_3.c function task_RR_Wheel line 321 thread 2
----------------------------------------------------
  rtb_to_int=0.0 (00000000 00000000 00000000 00000000 00000000 00000000 00000000 00000000)

State 421 file brake_3.c function task_RR_Wheel line 324 thread 2
----------------------------------------------------
  brake_acc_nodiv_ctrl_B_local.RT_h=0.0 (00000000 00000000 00000000 00000000 00000000 00000000 00000000 00000000)

State 422 file brake_3.c function task_RR_Wheel line 327 thread 2
----------------------------------------------------
  brake_acc_nodiv_ctrl_B_local.RT4=0.0 (00000000 00000000 00000000 00000000 00000000 00000000 00000000 00000000)

State 425 file brake_3.c function task_RR_Wheel line 332 thread 2
----------------------------------------------------
  u=1.048576e+6 (01000001 00101111 11111111 11111111 00000000 00000000 00000001 00000000)

State 426 file brake_acc_nodiv_ctrl.c function rt_roundd_snf line 195 thread 2
----------------------------------------------------
  y=0.0 (00000000 00000000 00000000 00000000 00000000 00000000 00000000 00000000)

State 430 file brake_acc_nodiv_ctrl.c function rt_roundd_snf line 196 thread 2
----------------------------------------------------
  d=1.048576e+6 (01000001 00101111 11111111 11111111 00000000 00000000 00000001 00000000)

State 438 file brake_acc_nodiv_ctrl.c function rt_roundd_snf line 198 thread 2
----------------------------------------------------
  x=1.048576e+6 (01000001 00110000 00000000 00000000 00000000 00000000 00000000 10000000)

State 442 file <builtin-library-floor> function floor line 16 thread 2
----------------------------------------------------
  rounding_mode=0x400 (00000000 00000000 00000100 00000000)

State 443 file <builtin-library-floor> function floor line 16 thread 2
----------------------------------------------------
  d=1.048576e+6 (01000001 00110000 00000000 00000000 00000000 00000000 00000000 10000000)

State 445 file <builtin-library-__sort_of_CPROVER_round_to_integral> function __sort_of_CPROVER_round_to_integral line 15 thread 2
----------------------------------------------------
  magicConst=4.503600e+15 (01000011 00110000 00000000 00000000 00000000 00000000 00000000 00000000)

State 446 file <builtin-library-__sort_of_CPROVER_round_to_integral> function __sort_of_CPROVER_round_to_integral line 16 thread 2
----------------------------------------------------
  return_value=0.0 (00000000 00000000 00000000 00000000 00000000 00000000 00000000 00000000)

State 454 file <builtin-library-__sort_of_CPROVER_round_to_integral> function __sort_of_CPROVER_round_to_integral line 17 thread 2
----------------------------------------------------
  saved_rounding_mode=0 (00000000 00000000 00000000 00000000)

State 457 file <builtin-library-__sort_of_CPROVER_round_to_integral> function __sort_of_CPROVER_round_to_integral line 18 thread 2
----------------------------------------------------
  rounding_mode=0x400 (00000000 00000000 00000100 00000000)

State 463 file <builtin-library-__sort_of_CPROVER_round_to_integral> function __sort_of_CPROVER_round_to_integral line 20 thread 2
----------------------------------------------------
  d=1.048576e+6 (01000001 00110000 00000000 00000000 00000000 00000000 00000000 10000000)

State 470 file <builtin-library-__sort_of_CPROVER_round_to_integral> function __sort_of_CPROVER_round_to_integral line 27 thread 2
----------------------------------------------------
  tmp=4.503600e+15 (01000011 00110000 00000000 00000000 00000000 00010000 00000000 00000000)

State 471 file <builtin-library-__sort_of_CPROVER_round_to_integral> function __sort_of_CPROVER_round_to_integral line 28 thread 2
----------------------------------------------------
  return_value=1.048576e+6 (01000001 00110000 00000000 00000000 00000000 00000000 00000000 00000000)

State 475 file <builtin-library-__sort_of_CPROVER_round_to_integral> function __sort_of_CPROVER_round_to_integral line 35 thread 2
----------------------------------------------------
  rounding_mode=0 (00000000 00000000 00000000 00000000)

State 483 file brake_acc_nodiv_ctrl.c function rt_roundd_snf line 198 thread 2
----------------------------------------------------
  y=1.048576e+6 (01000001 00110000 00000000 00000000 00000000 00000000 00000000 00000000)

State 488 file brake_3.c function task_RR_Wheel line 332 thread 2
----------------------------------------------------
  rtb_to_int=1.048576e+6 (01000001 00110000 00000000 00000000 00000000 00000000 00000000 00000000)

State 491 file brake_3.c function task_RR_Wheel line 337 thread 2
----------------------------------------------------
  rtu_vVehicleVelocitykmh=0.0 (00000000 00000000 00000000 00000000 00000000 00000000 00000000 00000000)

State 492 file brake_3.c function task_RR_Wheel line 337 thread 2
----------------------------------------------------
  rtu_TRequestedTorqueNm=0.0 (00000000 00000000 00000000 00000000 00000000 00000000 00000000 00000000)

State 493 file brake_3.c function task_RR_Wheel line 337 thread 2
----------------------------------------------------
  rtu_wwheelRotationrpm=1.048576e+6 (01000001 00110000 00000000 00000000 00000000 00000000 00000000 00000000)

State 494 file brake_3.c function task_RR_Wheel line 337 thread 2
----------------------------------------------------
  localB=&brake_acc_nodiv_ctrl_B_local!2@1.ABS_RR_Wheel (00001001 00000000 00000000 00000000 00000000 00000000 00000000 10011000)

State 495 file brake_3.c function task_RR_Wheel line 337 thread 2
----------------------------------------------------
  localP.wheSpdms_Gain=0.05236 (00111111 10101010 11001110 11101001 11110011 01111011 11101011 11010101)

State 496 file brake_3.c function task_RR_Wheel line 337 thread 2
----------------------------------------------------
  localP.vms_Gain=0.277778 (00111111 11010001 11000111 00011100 01110001 11000111 00011100 01110010)

State 497 file brake_3.c function task_RR_Wheel line 337 thread 2
----------------------------------------------------
  localP.positive_UpperSat=+INFINITY (01111111 11110000 00000000 00000000 00000000 00000000 00000000 00000000)

State 498 file brake_3.c function task_RR_Wheel line 337 thread 2
----------------------------------------------------
  localP.positive_LowerSat=0.0 (00000000 00000000 00000000 00000000 00000000 00000000 00000000 00000000)

State 499 file brake_3.c function task_RR_Wheel line 337 thread 2
----------------------------------------------------
  localP.times_10_Gain=10.0 (01000000 00100100 00000000 00000000 00000000 00000000 00000000 00000000)

State 500 file brake_3.c function task_RR_Wheel line 337 thread 2
----------------------------------------------------
  localP.slip_abs_on_times_10_Gain=1.0 (00111111 11110000 00000000 00000000 00000000 00000000 00000000 00000000)

State 501 file brake_3.c function task_RR_Wheel line 337 thread 2
----------------------------------------------------
  localP.Threshold_10kmh_Threshold=10.0 (01000000 00100100 00000000 00000000 00000000 00000000 00000000 00000000)

State 502 file brake_3.c function task_RR_Wheel line 337 thread 2
----------------------------------------------------
  localP.ReleaseBrake_Value=0 (00000000)

State 503 file brake_3.c function task_RR_Wheel line 337 thread 2
----------------------------------------------------
  localP.$pad8=0 (00000000 00000000 00000000 00000000 00000000 00000000 00000000)

State 504 file brake_acc_nodiv_ctrl.c function brake_acc_nodiv_ct_ABS_RR_Wheel line 76 thread 2
----------------------------------------------------
  rtb_RelationalOperator=0 (00000000)

State 505 file brake_acc_nodiv_ctrl.c function brake_acc_nodiv_ct_ABS_RR_Wheel line 77 thread 2
----------------------------------------------------
  rtb_vms=0.0 (00000000 00000000 00000000 00000000 00000000 00000000 00000000 00000000)

State 506 file brake_acc_nodiv_ctrl.c function brake_acc_nodiv_ct_ABS_RR_Wheel line 78 thread 2
----------------------------------------------------
  u=0.0 (00000000 00000000 00000000 00000000 00000000 00000000 00000000 00000000)

State 507 file brake_acc_nodiv_ctrl.c function brake_acc_nodiv_ct_ABS_RR_Wheel line 82 thread 2
----------------------------------------------------
  rtb_vms=0.0 (00000000 00000000 00000000 00000000 00000000 00000000 00000000 00000000)

State 508 file brake_acc_nodiv_ctrl.c function brake_acc_nodiv_ct_ABS_RR_Wheel line 87 thread 2
----------------------------------------------------
  u=-54903.310972 (11000000 11101010 11001110 11101001 11110011 01111011 11101011 11010101)

State 511 file brake_acc_nodiv_ctrl.c function brake_acc_nodiv_ct_ABS_RR_Wheel line 94 thread 2
----------------------------------------------------
  u=0.0 (00000000 00000000 00000000 00000000 00000000 00000000 00000000 00000000)

State 512 file brake_acc_nodiv_ctrl.c function brake_acc_nodiv_ct_ABS_RR_Wheel line 103 thread 2
----------------------------------------------------
  rtb_RelationalOperator=0 (00000000)

State 514 file brake_acc_nodiv_ctrl.c function brake_acc_nodiv_ct_ABS_RR_Wheel line 122 thread 2
----------------------------------------------------
  brake_acc_nodiv_ctrl_B_local.ABS_RR_Wheel.Threshold_10kmh=0.0 (00000000 00000000 00000000 00000000 00000000 00000000 00000000 00000000)

State 516 file brake_3.c function task_RR_Wheel line 347 thread 2
----------------------------------------------------
  brake_acc_nodiv_ctrl_B_local.RT1=0.0 (00000000 00000000 00000000 00000000 00000000 00000000 00000000 00000000)

State 517 file brake_3.c function task_RR_Wheel line 356 thread 2
----------------------------------------------------
  RT9=1.048576e+6 (01000001 00110000 00000000 00000000 00000000 00000000 00000000 00000000)

State 522 file brake_3.c function task_compute line 253 thread 1
----------------------------------------------------
  vkmh=0.0 (00000000 00000000 00000000 00000000 00000000 00000000 00000000 00000000)

State 524 file brake_3.c function task_compute line 261 thread 1
----------------------------------------------------
  tmp=49412.979875 (01000000 11101000 00100000 10011111 01011011 00100010 10111010 10100110)

State 528 file brake_3.c function task_compute line 263 thread 1
----------------------------------------------------
  d=-49412.979875 (11000000 11101000 00100000 10011111 01011011 00100010 10111010 10100110)

Violated property:
  file brake_3.c function task_compute line 263 thread 1
  assertion fabs(vkmh-tmp)<=0.001
  return_value_fabs <= 0.001



** 1 of 1 failed (2 iterations)
VERIFICATION FAILED
