CBMC version 5.62.0 (ec1d828-dirty) 64-bit x86_64 linux
Parsing blink_1.c
Converting
Type-checking blink_1
Generating GOTO Program
Adding CPROVER library (x86_64)
Removal of function pointers and virtual functions
Generic Property Instrumentation
Running with 8 object bits, 56 offset bits (default)
Starting Bounded Model Checking
Unwinding loop VirtualizeTimerC_0_updateFromTimer_runTask.0 iteration 1 file blink_1.c line 3338 function VirtualizeTimerC_0_updateFromTimer_runTask thread 1
Unwinding loop VirtualizeTimerC_0_fireTimers.0 iteration 1 file blink_1.c line 3375 function VirtualizeTimerC_0_fireTimers thread 1
Unwinding loop VirtualizeTimerC_0_fireTimers.0 iteration 1 file blink_1.c line 3375 function VirtualizeTimerC_0_fireTimers thread 2
Runtime Symex: 0.232626s
Adding constraints
using sc expand memory model
ssa num:3145
start to make constraint
614
success make constraint
--------------------log constraint nums:------------------
fr : 19495
fr-begin : 460
fr-end : 460
nested-isr : 88
po : 487
rf : 1079
rf-begin : 1079
rf-end : 1079
rf-order : 1079
rf-some : 115
rfi : 189
spawn-before-fr-false : 10573
spawn-before-ws : 375
thread-spawn : 182
ws-begin : 541
ws-end : 541
ws-ext : 332
constraints sum : 38154
spawn_relaxing_cons_nums: 32491
size of program expression: 41299 steps
no slicing due to threads
Generated 2 VCC(s), 2 remaining after simplification
Runtime Postprocess Equation: 2.40658s
Passing problem to propositional reduction
converting SSA
Runtime Convert SSA: 1.12289s
Running propositional reduction
Post-processing
Runtime Post-process: 0.000223563s
Solving with MiniSAT 2.2.1 with simplifier
131827 variables, 590565 clauses
decisions: 178154
propagations: 8227254
conflicts: 27819
SAT checker: instance is UNSATISFIABLE
Runtime Solver: 8.69907s
Runtime decision procedure: 9.82562s

** Results:
blink_1.c function VirtualizeTimerC_0_fireTimers
[VirtualizeTimerC_0_fireTimers.assertion.1] line 3387 assertion (signed int)timer->isrunning == 0: SUCCESS

** 0 of 1 failed (1 iterations)
VERIFICATION SUCCESSFUL
